The system is: Linux - 6.0.7-arch1-1 - x86_64
Compiling the C compiler identification source file "CMakeCCompilerId.c" succeeded.
Compiler: /usr/bin/gcc 
Build flags: 
Id flags:  

The output was:
0


Compilation of the C compiler identification source "CMakeCCompilerId.c" produced "a.out"

The C compiler identification is GNU, found in "/home/zhb15/Desktop/note/cxx/test/build/CMakeFiles/3.24.2/CompilerIdC/a.out"

Compiling the CXX compiler identification source file "CMakeCXXCompilerId.cpp" succeeded.
Compiler: /usr/bin/g++ 
Build flags: 
Id flags:  

The output was:
0


Compilation of the CXX compiler identification source "CMakeCXXCompilerId.cpp" produced "a.out"

The CXX compiler identification is GNU, found in "/home/zhb15/Desktop/note/cxx/test/build/CMakeFiles/3.24.2/CompilerIdCXX/a.out"

Detecting C compiler ABI info compiled with the following output:
Change Dir: /home/zhb15/Desktop/note/cxx/test/build/CMakeFiles/CMakeTmp

Run Build Command(s):/usr/bin/make -f Makefile cmTC_70663/fast && /usr/bin/make  -f CMakeFiles/cmTC_70663.dir/build.make CMakeFiles/cmTC_70663.dir/build
make[1]: Entering directory '/home/zhb15/Desktop/note/cxx/test/build/CMakeFiles/CMakeTmp'
Building C object CMakeFiles/cmTC_70663.dir/CMakeCCompilerABI.c.o
/usr/bin/gcc   -fdiagnostics-color=always   -v -o CMakeFiles/cmTC_70663.dir/CMakeCCompilerABI.c.o -c /home/zhb15/newDisk/SoftWare/clion-2022.3.3/bin/cmake/linux/x64/share/cmake-3.24/Modules/CMakeCCompilerABI.c
Using built-in specs.
COLLECT_GCC=/usr/bin/gcc
Target: x86_64-pc-linux-gnu
Configured with: /build/gcc/src/gcc/configure --enable-languages=ada,c,c++,d,fortran,go,lto,objc,obj-c++ --enable-bootstrap --prefix=/usr --libdir=/usr/lib --libexecdir=/usr/lib --mandir=/usr/share/man --infodir=/usr/share/info --with-bugurl=https://bugs.archlinux.org/ --with-build-config=bootstrap-lto --with-linker-hash-style=gnu --with-system-zlib --enable-__cxa_atexit --enable-cet=auto --enable-checking=release --enable-clocale=gnu --enable-default-pie --enable-default-ssp --enable-gnu-indirect-function --enable-gnu-unique-object --enable-libstdcxx-backtrace --enable-link-serialization=1 --enable-linker-build-id --enable-lto --enable-multilib --enable-plugin --enable-shared --enable-threads=posix --disable-libssp --disable-libstdcxx-pch --disable-werror
Thread model: posix
Supported LTO compression algorithms: zlib zstd
gcc version 13.2.1 20230801 (GCC) 
COLLECT_GCC_OPTIONS='-fdiagnostics-color=always' '-v' '-o' 'CMakeFiles/cmTC_70663.dir/CMakeCCompilerABI.c.o' '-c' '-mtune=generic' '-march=x86-64' '-dumpdir' 'CMakeFiles/cmTC_70663.dir/'
 /usr/lib/gcc/x86_64-pc-linux-gnu/13.2.1/cc1 -quiet -v /home/zhb15/newDisk/SoftWare/clion-2022.3.3/bin/cmake/linux/x64/share/cmake-3.24/Modules/CMakeCCompilerABI.c -quiet -dumpdir CMakeFiles/cmTC_70663.dir/ -dumpbase CMakeCCompilerABI.c.c -dumpbase-ext .c -mtune=generic -march=x86-64 -version -fdiagnostics-color=always -o /tmp/ccFrRwwR.s
GNU C17 (GCC) version 13.2.1 20230801 (x86_64-pc-linux-gnu)
	compiled by GNU C version 13.2.1 20230801, GMP version 6.3.0, MPFR version 4.2.0-p12, MPC version 1.3.1, isl version isl-0.25-GMP

warning: GMP header version 6.3.0 differs from library version 6.2.1.
warning: MPFR header version 4.2.0-p12 differs from library version 4.2.0.
GGC heuristics: --param ggc-min-expand=100 --param ggc-min-heapsize=131072
ignoring nonexistent directory "/usr/lib/gcc/x86_64-pc-linux-gnu/13.2.1/../../../../x86_64-pc-linux-gnu/include"
#include "..." search starts here:
#include <...> search starts here:
 /usr/lib/gcc/x86_64-pc-linux-gnu/13.2.1/include
 /usr/local/include
 /usr/lib/gcc/x86_64-pc-linux-gnu/13.2.1/include-fixed
 /usr/include
End of search list.
Compiler executable checksum: 865c2688a4f1e3f13d6bf2cc8fd98762
COLLECT_GCC_OPTIONS='-fdiagnostics-color=always' '-v' '-o' 'CMakeFiles/cmTC_70663.dir/CMakeCCompilerABI.c.o' '-c' '-mtune=generic' '-march=x86-64' '-dumpdir' 'CMakeFiles/cmTC_70663.dir/'
 as -v --64 -o CMakeFiles/cmTC_70663.dir/CMakeCCompilerABI.c.o /tmp/ccFrRwwR.s
GNU assembler version 2.40 (x86_64-pc-linux-gnu) using BFD version (GNU Binutils) 2.40
COMPILER_PATH=/usr/lib/gcc/x86_64-pc-linux-gnu/13.2.1/:/usr/lib/gcc/x86_64-pc-linux-gnu/13.2.1/:/usr/lib/gcc/x86_64-pc-linux-gnu/:/usr/lib/gcc/x86_64-pc-linux-gnu/13.2.1/:/usr/lib/gcc/x86_64-pc-linux-gnu/
LIBRARY_PATH=/usr/lib/gcc/x86_64-pc-linux-gnu/13.2.1/:/usr/lib/gcc/x86_64-pc-linux-gnu/13.2.1/../../../../lib/:/lib/../lib/:/usr/lib/../lib/:/usr/lib/gcc/x86_64-pc-linux-gnu/13.2.1/../../../:/lib/:/usr/lib/
COLLECT_GCC_OPTIONS='-fdiagnostics-color=always' '-v' '-o' 'CMakeFiles/cmTC_70663.dir/CMakeCCompilerABI.c.o' '-c' '-mtune=generic' '-march=x86-64' '-dumpdir' 'CMakeFiles/cmTC_70663.dir/CMakeCCompilerABI.c.'
Linking C executable cmTC_70663
/home/zhb15/newDisk/SoftWare/clion-2022.3.3/bin/cmake/linux/x64/bin/cmake -E cmake_link_script CMakeFiles/cmTC_70663.dir/link.txt --verbose=1
/usr/bin/gcc  -v CMakeFiles/cmTC_70663.dir/CMakeCCompilerABI.c.o -o cmTC_70663 
Using built-in specs.
COLLECT_GCC=/usr/bin/gcc
COLLECT_LTO_WRAPPER=/usr/lib/gcc/x86_64-pc-linux-gnu/13.2.1/lto-wrapper
Target: x86_64-pc-linux-gnu
Configured with: /build/gcc/src/gcc/configure --enable-languages=ada,c,c++,d,fortran,go,lto,objc,obj-c++ --enable-bootstrap --prefix=/usr --libdir=/usr/lib --libexecdir=/usr/lib --mandir=/usr/share/man --infodir=/usr/share/info --with-bugurl=https://bugs.archlinux.org/ --with-build-config=bootstrap-lto --with-linker-hash-style=gnu --with-system-zlib --enable-__cxa_atexit --enable-cet=auto --enable-checking=release --enable-clocale=gnu --enable-default-pie --enable-default-ssp --enable-gnu-indirect-function --enable-gnu-unique-object --enable-libstdcxx-backtrace --enable-link-serialization=1 --enable-linker-build-id --enable-lto --enable-multilib --enable-plugin --enable-shared --enable-threads=posix --disable-libssp --disable-libstdcxx-pch --disable-werror
Thread model: posix
Supported LTO compression algorithms: zlib zstd
gcc version 13.2.1 20230801 (GCC) 
COMPILER_PATH=/usr/lib/gcc/x86_64-pc-linux-gnu/13.2.1/:/usr/lib/gcc/x86_64-pc-linux-gnu/13.2.1/:/usr/lib/gcc/x86_64-pc-linux-gnu/:/usr/lib/gcc/x86_64-pc-linux-gnu/13.2.1/:/usr/lib/gcc/x86_64-pc-linux-gnu/
LIBRARY_PATH=/usr/lib/gcc/x86_64-pc-linux-gnu/13.2.1/:/usr/lib/gcc/x86_64-pc-linux-gnu/13.2.1/../../../../lib/:/lib/../lib/:/usr/lib/../lib/:/usr/lib/gcc/x86_64-pc-linux-gnu/13.2.1/../../../:/lib/:/usr/lib/
COLLECT_GCC_OPTIONS='-v' '-o' 'cmTC_70663' '-mtune=generic' '-march=x86-64' '-dumpdir' 'cmTC_70663.'
 /usr/lib/gcc/x86_64-pc-linux-gnu/13.2.1/collect2 -plugin /usr/lib/gcc/x86_64-pc-linux-gnu/13.2.1/liblto_plugin.so -plugin-opt=/usr/lib/gcc/x86_64-pc-linux-gnu/13.2.1/lto-wrapper -plugin-opt=-fresolution=/tmp/ccKK2tvj.res -plugin-opt=-pass-through=-lgcc -plugin-opt=-pass-through=-lgcc_s -plugin-opt=-pass-through=-lc -plugin-opt=-pass-through=-lgcc -plugin-opt=-pass-through=-lgcc_s --build-id --eh-frame-hdr --hash-style=gnu -m elf_x86_64 -dynamic-linker /lib64/ld-linux-x86-64.so.2 -pie -o cmTC_70663 /usr/lib/gcc/x86_64-pc-linux-gnu/13.2.1/../../../../lib/Scrt1.o /usr/lib/gcc/x86_64-pc-linux-gnu/13.2.1/../../../../lib/crti.o /usr/lib/gcc/x86_64-pc-linux-gnu/13.2.1/crtbeginS.o -L/usr/lib/gcc/x86_64-pc-linux-gnu/13.2.1 -L/usr/lib/gcc/x86_64-pc-linux-gnu/13.2.1/../../../../lib -L/lib/../lib -L/usr/lib/../lib -L/usr/lib/gcc/x86_64-pc-linux-gnu/13.2.1/../../.. CMakeFiles/cmTC_70663.dir/CMakeCCompilerABI.c.o -lgcc --push-state --as-needed -lgcc_s --pop-state -lc -lgcc --push-state --as-needed -lgcc_s --pop-state /usr/lib/gcc/x86_64-pc-linux-gnu/13.2.1/crtendS.o /usr/lib/gcc/x86_64-pc-linux-gnu/13.2.1/../../../../lib/crtn.o
COLLECT_GCC_OPTIONS='-v' '-o' 'cmTC_70663' '-mtune=generic' '-march=x86-64' '-dumpdir' 'cmTC_70663.'
make[1]: Leaving directory '/home/zhb15/Desktop/note/cxx/test/build/CMakeFiles/CMakeTmp'



Parsed C implicit include dir info from above output: rv=done
  found start of include info
  found start of implicit include info
    add: [/usr/lib/gcc/x86_64-pc-linux-gnu/13.2.1/include]
    add: [/usr/local/include]
    add: [/usr/lib/gcc/x86_64-pc-linux-gnu/13.2.1/include-fixed]
    add: [/usr/include]
  end of search list found
  collapse include dir [/usr/lib/gcc/x86_64-pc-linux-gnu/13.2.1/include] ==> [/usr/lib/gcc/x86_64-pc-linux-gnu/13.2.1/include]
  collapse include dir [/usr/local/include] ==> [/usr/local/include]
  collapse include dir [/usr/lib/gcc/x86_64-pc-linux-gnu/13.2.1/include-fixed] ==> [/usr/lib/gcc/x86_64-pc-linux-gnu/13.2.1/include-fixed]
  collapse include dir [/usr/include] ==> [/usr/include]
  implicit include dirs: [/usr/lib/gcc/x86_64-pc-linux-gnu/13.2.1/include;/usr/local/include;/usr/lib/gcc/x86_64-pc-linux-gnu/13.2.1/include-fixed;/usr/include]


Parsed C implicit link information from above output:
  link line regex: [^( *|.*[/\])(ld|CMAKE_LINK_STARTFILE-NOTFOUND|([^/\]+-)?ld|collect2)[^/\]*( |$)]
  ignore line: [Change Dir: /home/zhb15/Desktop/note/cxx/test/build/CMakeFiles/CMakeTmp]
  ignore line: []
  ignore line: [Run Build Command(s):/usr/bin/make -f Makefile cmTC_70663/fast && /usr/bin/make  -f CMakeFiles/cmTC_70663.dir/build.make CMakeFiles/cmTC_70663.dir/build]
  ignore line: [make[1]: Entering directory '/home/zhb15/Desktop/note/cxx/test/build/CMakeFiles/CMakeTmp']
  ignore line: [Building C object CMakeFiles/cmTC_70663.dir/CMakeCCompilerABI.c.o]
  ignore line: [/usr/bin/gcc   -fdiagnostics-color=always   -v -o CMakeFiles/cmTC_70663.dir/CMakeCCompilerABI.c.o -c /home/zhb15/newDisk/SoftWare/clion-2022.3.3/bin/cmake/linux/x64/share/cmake-3.24/Modules/CMakeCCompilerABI.c]
  ignore line: [Using built-in specs.]
  ignore line: [COLLECT_GCC=/usr/bin/gcc]
  ignore line: [Target: x86_64-pc-linux-gnu]
  ignore line: [Configured with: /build/gcc/src/gcc/configure --enable-languages=ada c c++ d fortran go lto objc obj-c++ --enable-bootstrap --prefix=/usr --libdir=/usr/lib --libexecdir=/usr/lib --mandir=/usr/share/man --infodir=/usr/share/info --with-bugurl=https://bugs.archlinux.org/ --with-build-config=bootstrap-lto --with-linker-hash-style=gnu --with-system-zlib --enable-__cxa_atexit --enable-cet=auto --enable-checking=release --enable-clocale=gnu --enable-default-pie --enable-default-ssp --enable-gnu-indirect-function --enable-gnu-unique-object --enable-libstdcxx-backtrace --enable-link-serialization=1 --enable-linker-build-id --enable-lto --enable-multilib --enable-plugin --enable-shared --enable-threads=posix --disable-libssp --disable-libstdcxx-pch --disable-werror]
  ignore line: [Thread model: posix]
  ignore line: [Supported LTO compression algorithms: zlib zstd]
  ignore line: [gcc version 13.2.1 20230801 (GCC) ]
  ignore line: [COLLECT_GCC_OPTIONS='-fdiagnostics-color=always' '-v' '-o' 'CMakeFiles/cmTC_70663.dir/CMakeCCompilerABI.c.o' '-c' '-mtune=generic' '-march=x86-64' '-dumpdir' 'CMakeFiles/cmTC_70663.dir/']
  ignore line: [ /usr/lib/gcc/x86_64-pc-linux-gnu/13.2.1/cc1 -quiet -v /home/zhb15/newDisk/SoftWare/clion-2022.3.3/bin/cmake/linux/x64/share/cmake-3.24/Modules/CMakeCCompilerABI.c -quiet -dumpdir CMakeFiles/cmTC_70663.dir/ -dumpbase CMakeCCompilerABI.c.c -dumpbase-ext .c -mtune=generic -march=x86-64 -version -fdiagnostics-color=always -o /tmp/ccFrRwwR.s]
  ignore line: [GNU C17 (GCC) version 13.2.1 20230801 (x86_64-pc-linux-gnu)]
  ignore line: [	compiled by GNU C version 13.2.1 20230801  GMP version 6.3.0  MPFR version 4.2.0-p12  MPC version 1.3.1  isl version isl-0.25-GMP]
  ignore line: []
  ignore line: [warning: GMP header version 6.3.0 differs from library version 6.2.1.]
  ignore line: [warning: MPFR header version 4.2.0-p12 differs from library version 4.2.0.]
  ignore line: [GGC heuristics: --param ggc-min-expand=100 --param ggc-min-heapsize=131072]
  ignore line: [ignoring nonexistent directory "/usr/lib/gcc/x86_64-pc-linux-gnu/13.2.1/../../../../x86_64-pc-linux-gnu/include"]
  ignore line: [#include "..." search starts here:]
  ignore line: [#include <...> search starts here:]
  ignore line: [ /usr/lib/gcc/x86_64-pc-linux-gnu/13.2.1/include]
  ignore line: [ /usr/local/include]
  ignore line: [ /usr/lib/gcc/x86_64-pc-linux-gnu/13.2.1/include-fixed]
  ignore line: [ /usr/include]
  ignore line: [End of search list.]
  ignore line: [Compiler executable checksum: 865c2688a4f1e3f13d6bf2cc8fd98762]
  ignore line: [COLLECT_GCC_OPTIONS='-fdiagnostics-color=always' '-v' '-o' 'CMakeFiles/cmTC_70663.dir/CMakeCCompilerABI.c.o' '-c' '-mtune=generic' '-march=x86-64' '-dumpdir' 'CMakeFiles/cmTC_70663.dir/']
  ignore line: [ as -v --64 -o CMakeFiles/cmTC_70663.dir/CMakeCCompilerABI.c.o /tmp/ccFrRwwR.s]
  ignore line: [GNU assembler version 2.40 (x86_64-pc-linux-gnu) using BFD version (GNU Binutils) 2.40]
  ignore line: [COMPILER_PATH=/usr/lib/gcc/x86_64-pc-linux-gnu/13.2.1/:/usr/lib/gcc/x86_64-pc-linux-gnu/13.2.1/:/usr/lib/gcc/x86_64-pc-linux-gnu/:/usr/lib/gcc/x86_64-pc-linux-gnu/13.2.1/:/usr/lib/gcc/x86_64-pc-linux-gnu/]
  ignore line: [LIBRARY_PATH=/usr/lib/gcc/x86_64-pc-linux-gnu/13.2.1/:/usr/lib/gcc/x86_64-pc-linux-gnu/13.2.1/../../../../lib/:/lib/../lib/:/usr/lib/../lib/:/usr/lib/gcc/x86_64-pc-linux-gnu/13.2.1/../../../:/lib/:/usr/lib/]
  ignore line: [COLLECT_GCC_OPTIONS='-fdiagnostics-color=always' '-v' '-o' 'CMakeFiles/cmTC_70663.dir/CMakeCCompilerABI.c.o' '-c' '-mtune=generic' '-march=x86-64' '-dumpdir' 'CMakeFiles/cmTC_70663.dir/CMakeCCompilerABI.c.']
  ignore line: [Linking C executable cmTC_70663]
  ignore line: [/home/zhb15/newDisk/SoftWare/clion-2022.3.3/bin/cmake/linux/x64/bin/cmake -E cmake_link_script CMakeFiles/cmTC_70663.dir/link.txt --verbose=1]
  ignore line: [/usr/bin/gcc  -v CMakeFiles/cmTC_70663.dir/CMakeCCompilerABI.c.o -o cmTC_70663 ]
  ignore line: [Using built-in specs.]
  ignore line: [COLLECT_GCC=/usr/bin/gcc]
  ignore line: [COLLECT_LTO_WRAPPER=/usr/lib/gcc/x86_64-pc-linux-gnu/13.2.1/lto-wrapper]
  ignore line: [Target: x86_64-pc-linux-gnu]
  ignore line: [Configured with: /build/gcc/src/gcc/configure --enable-languages=ada c c++ d fortran go lto objc obj-c++ --enable-bootstrap --prefix=/usr --libdir=/usr/lib --libexecdir=/usr/lib --mandir=/usr/share/man --infodir=/usr/share/info --with-bugurl=https://bugs.archlinux.org/ --with-build-config=bootstrap-lto --with-linker-hash-style=gnu --with-system-zlib --enable-__cxa_atexit --enable-cet=auto --enable-checking=release --enable-clocale=gnu --enable-default-pie --enable-default-ssp --enable-gnu-indirect-function --enable-gnu-unique-object --enable-libstdcxx-backtrace --enable-link-serialization=1 --enable-linker-build-id --enable-lto --enable-multilib --enable-plugin --enable-shared --enable-threads=posix --disable-libssp --disable-libstdcxx-pch --disable-werror]
  ignore line: [Thread model: posix]
  ignore line: [Supported LTO compression algorithms: zlib zstd]
  ignore line: [gcc version 13.2.1 20230801 (GCC) ]
  ignore line: [COMPILER_PATH=/usr/lib/gcc/x86_64-pc-linux-gnu/13.2.1/:/usr/lib/gcc/x86_64-pc-linux-gnu/13.2.1/:/usr/lib/gcc/x86_64-pc-linux-gnu/:/usr/lib/gcc/x86_64-pc-linux-gnu/13.2.1/:/usr/lib/gcc/x86_64-pc-linux-gnu/]
  ignore line: [LIBRARY_PATH=/usr/lib/gcc/x86_64-pc-linux-gnu/13.2.1/:/usr/lib/gcc/x86_64-pc-linux-gnu/13.2.1/../../../../lib/:/lib/../lib/:/usr/lib/../lib/:/usr/lib/gcc/x86_64-pc-linux-gnu/13.2.1/../../../:/lib/:/usr/lib/]
  ignore line: [COLLECT_GCC_OPTIONS='-v' '-o' 'cmTC_70663' '-mtune=generic' '-march=x86-64' '-dumpdir' 'cmTC_70663.']
  link line: [ /usr/lib/gcc/x86_64-pc-linux-gnu/13.2.1/collect2 -plugin /usr/lib/gcc/x86_64-pc-linux-gnu/13.2.1/liblto_plugin.so -plugin-opt=/usr/lib/gcc/x86_64-pc-linux-gnu/13.2.1/lto-wrapper -plugin-opt=-fresolution=/tmp/ccKK2tvj.res -plugin-opt=-pass-through=-lgcc -plugin-opt=-pass-through=-lgcc_s -plugin-opt=-pass-through=-lc -plugin-opt=-pass-through=-lgcc -plugin-opt=-pass-through=-lgcc_s --build-id --eh-frame-hdr --hash-style=gnu -m elf_x86_64 -dynamic-linker /lib64/ld-linux-x86-64.so.2 -pie -o cmTC_70663 /usr/lib/gcc/x86_64-pc-linux-gnu/13.2.1/../../../../lib/Scrt1.o /usr/lib/gcc/x86_64-pc-linux-gnu/13.2.1/../../../../lib/crti.o /usr/lib/gcc/x86_64-pc-linux-gnu/13.2.1/crtbeginS.o -L/usr/lib/gcc/x86_64-pc-linux-gnu/13.2.1 -L/usr/lib/gcc/x86_64-pc-linux-gnu/13.2.1/../../../../lib -L/lib/../lib -L/usr/lib/../lib -L/usr/lib/gcc/x86_64-pc-linux-gnu/13.2.1/../../.. CMakeFiles/cmTC_70663.dir/CMakeCCompilerABI.c.o -lgcc --push-state --as-needed -lgcc_s --pop-state -lc -lgcc --push-state --as-needed -lgcc_s --pop-state /usr/lib/gcc/x86_64-pc-linux-gnu/13.2.1/crtendS.o /usr/lib/gcc/x86_64-pc-linux-gnu/13.2.1/../../../../lib/crtn.o]
    arg [/usr/lib/gcc/x86_64-pc-linux-gnu/13.2.1/collect2] ==> ignore
    arg [-plugin] ==> ignore
    arg [/usr/lib/gcc/x86_64-pc-linux-gnu/13.2.1/liblto_plugin.so] ==> ignore
    arg [-plugin-opt=/usr/lib/gcc/x86_64-pc-linux-gnu/13.2.1/lto-wrapper] ==> ignore
    arg [-plugin-opt=-fresolution=/tmp/ccKK2tvj.res] ==> ignore
    arg [-plugin-opt=-pass-through=-lgcc] ==> ignore
    arg [-plugin-opt=-pass-through=-lgcc_s] ==> ignore
    arg [-plugin-opt=-pass-through=-lc] ==> ignore
    arg [-plugin-opt=-pass-through=-lgcc] ==> ignore
    arg [-plugin-opt=-pass-through=-lgcc_s] ==> ignore
    arg [--build-id] ==> ignore
    arg [--eh-frame-hdr] ==> ignore
    arg [--hash-style=gnu] ==> ignore
    arg [-m] ==> ignore
    arg [elf_x86_64] ==> ignore
    arg [-dynamic-linker] ==> ignore
    arg [/lib64/ld-linux-x86-64.so.2] ==> ignore
    arg [-pie] ==> ignore
    arg [-o] ==> ignore
    arg [cmTC_70663] ==> ignore
    arg [/usr/lib/gcc/x86_64-pc-linux-gnu/13.2.1/../../../../lib/Scrt1.o] ==> obj [/usr/lib/gcc/x86_64-pc-linux-gnu/13.2.1/../../../../lib/Scrt1.o]
    arg [/usr/lib/gcc/x86_64-pc-linux-gnu/13.2.1/../../../../lib/crti.o] ==> obj [/usr/lib/gcc/x86_64-pc-linux-gnu/13.2.1/../../../../lib/crti.o]
    arg [/usr/lib/gcc/x86_64-pc-linux-gnu/13.2.1/crtbeginS.o] ==> obj [/usr/lib/gcc/x86_64-pc-linux-gnu/13.2.1/crtbeginS.o]
    arg [-L/usr/lib/gcc/x86_64-pc-linux-gnu/13.2.1] ==> dir [/usr/lib/gcc/x86_64-pc-linux-gnu/13.2.1]
    arg [-L/usr/lib/gcc/x86_64-pc-linux-gnu/13.2.1/../../../../lib] ==> dir [/usr/lib/gcc/x86_64-pc-linux-gnu/13.2.1/../../../../lib]
    arg [-L/lib/../lib] ==> dir [/lib/../lib]
    arg [-L/usr/lib/../lib] ==> dir [/usr/lib/../lib]
    arg [-L/usr/lib/gcc/x86_64-pc-linux-gnu/13.2.1/../../..] ==> dir [/usr/lib/gcc/x86_64-pc-linux-gnu/13.2.1/../../..]
    arg [CMakeFiles/cmTC_70663.dir/CMakeCCompilerABI.c.o] ==> ignore
    arg [-lgcc] ==> lib [gcc]
    arg [--push-state] ==> ignore
    arg [--as-needed] ==> ignore
    arg [-lgcc_s] ==> lib [gcc_s]
    arg [--pop-state] ==> ignore
    arg [-lc] ==> lib [c]
    arg [-lgcc] ==> lib [gcc]
    arg [--push-state] ==> ignore
    arg [--as-needed] ==> ignore
    arg [-lgcc_s] ==> lib [gcc_s]
    arg [--pop-state] ==> ignore
    arg [/usr/lib/gcc/x86_64-pc-linux-gnu/13.2.1/crtendS.o] ==> obj [/usr/lib/gcc/x86_64-pc-linux-gnu/13.2.1/crtendS.o]
    arg [/usr/lib/gcc/x86_64-pc-linux-gnu/13.2.1/../../../../lib/crtn.o] ==> obj [/usr/lib/gcc/x86_64-pc-linux-gnu/13.2.1/../../../../lib/crtn.o]
  collapse obj [/usr/lib/gcc/x86_64-pc-linux-gnu/13.2.1/../../../../lib/Scrt1.o] ==> [/usr/lib/Scrt1.o]
  collapse obj [/usr/lib/gcc/x86_64-pc-linux-gnu/13.2.1/../../../../lib/crti.o] ==> [/usr/lib/crti.o]
  collapse obj [/usr/lib/gcc/x86_64-pc-linux-gnu/13.2.1/../../../../lib/crtn.o] ==> [/usr/lib/crtn.o]
  collapse library dir [/usr/lib/gcc/x86_64-pc-linux-gnu/13.2.1] ==> [/usr/lib/gcc/x86_64-pc-linux-gnu/13.2.1]
  collapse library dir [/usr/lib/gcc/x86_64-pc-linux-gnu/13.2.1/../../../../lib] ==> [/usr/lib]
  collapse library dir [/lib/../lib] ==> [/lib]
  collapse library dir [/usr/lib/../lib] ==> [/usr/lib]
  collapse library dir [/usr/lib/gcc/x86_64-pc-linux-gnu/13.2.1/../../..] ==> [/usr/lib]
  implicit libs: [gcc;gcc_s;c;gcc;gcc_s]
  implicit objs: [/usr/lib/Scrt1.o;/usr/lib/crti.o;/usr/lib/gcc/x86_64-pc-linux-gnu/13.2.1/crtbeginS.o;/usr/lib/gcc/x86_64-pc-linux-gnu/13.2.1/crtendS.o;/usr/lib/crtn.o]
  implicit dirs: [/usr/lib/gcc/x86_64-pc-linux-gnu/13.2.1;/usr/lib;/lib]
  implicit fwks: []


Detecting CXX compiler ABI info compiled with the following output:
Change Dir: /home/zhb15/Desktop/note/cxx/test/build/CMakeFiles/CMakeTmp

Run Build Command(s):/usr/bin/make -f Makefile cmTC_ad1f7/fast && /usr/bin/make  -f CMakeFiles/cmTC_ad1f7.dir/build.make CMakeFiles/cmTC_ad1f7.dir/build
make[1]: Entering directory '/home/zhb15/Desktop/note/cxx/test/build/CMakeFiles/CMakeTmp'
Building CXX object CMakeFiles/cmTC_ad1f7.dir/CMakeCXXCompilerABI.cpp.o
/usr/bin/g++   -fdiagnostics-color=always   -v -o CMakeFiles/cmTC_ad1f7.dir/CMakeCXXCompilerABI.cpp.o -c /home/zhb15/newDisk/SoftWare/clion-2022.3.3/bin/cmake/linux/x64/share/cmake-3.24/Modules/CMakeCXXCompilerABI.cpp
Using built-in specs.
COLLECT_GCC=/usr/bin/g++
Target: x86_64-pc-linux-gnu
Configured with: /build/gcc/src/gcc/configure --enable-languages=ada,c,c++,d,fortran,go,lto,objc,obj-c++ --enable-bootstrap --prefix=/usr --libdir=/usr/lib --libexecdir=/usr/lib --mandir=/usr/share/man --infodir=/usr/share/info --with-bugurl=https://bugs.archlinux.org/ --with-build-config=bootstrap-lto --with-linker-hash-style=gnu --with-system-zlib --enable-__cxa_atexit --enable-cet=auto --enable-checking=release --enable-clocale=gnu --enable-default-pie --enable-default-ssp --enable-gnu-indirect-function --enable-gnu-unique-object --enable-libstdcxx-backtrace --enable-link-serialization=1 --enable-linker-build-id --enable-lto --enable-multilib --enable-plugin --enable-shared --enable-threads=posix --disable-libssp --disable-libstdcxx-pch --disable-werror
Thread model: posix
Supported LTO compression algorithms: zlib zstd
gcc version 13.2.1 20230801 (GCC) 
COLLECT_GCC_OPTIONS='-fdiagnostics-color=always' '-v' '-o' 'CMakeFiles/cmTC_ad1f7.dir/CMakeCXXCompilerABI.cpp.o' '-c' '-shared-libgcc' '-mtune=generic' '-march=x86-64' '-dumpdir' 'CMakeFiles/cmTC_ad1f7.dir/'
 /usr/lib/gcc/x86_64-pc-linux-gnu/13.2.1/cc1plus -quiet -v -D_GNU_SOURCE /home/zhb15/newDisk/SoftWare/clion-2022.3.3/bin/cmake/linux/x64/share/cmake-3.24/Modules/CMakeCXXCompilerABI.cpp -quiet -dumpdir CMakeFiles/cmTC_ad1f7.dir/ -dumpbase CMakeCXXCompilerABI.cpp.cpp -dumpbase-ext .cpp -mtune=generic -march=x86-64 -version -fdiagnostics-color=always -o /tmp/ccYPj4Mh.s
GNU C++17 (GCC) version 13.2.1 20230801 (x86_64-pc-linux-gnu)
	compiled by GNU C version 13.2.1 20230801, GMP version 6.3.0, MPFR version 4.2.0-p12, MPC version 1.3.1, isl version isl-0.25-GMP

warning: GMP header version 6.3.0 differs from library version 6.2.1.
warning: MPFR header version 4.2.0-p12 differs from library version 4.2.0.
GGC heuristics: --param ggc-min-expand=100 --param ggc-min-heapsize=131072
ignoring nonexistent directory "/usr/lib/gcc/x86_64-pc-linux-gnu/13.2.1/../../../../x86_64-pc-linux-gnu/include"
#include "..." search starts here:
#include <...> search starts here:
 /usr/lib/gcc/x86_64-pc-linux-gnu/13.2.1/../../../../include/c++/13.2.1
 /usr/lib/gcc/x86_64-pc-linux-gnu/13.2.1/../../../../include/c++/13.2.1/x86_64-pc-linux-gnu
 /usr/lib/gcc/x86_64-pc-linux-gnu/13.2.1/../../../../include/c++/13.2.1/backward
 /usr/lib/gcc/x86_64-pc-linux-gnu/13.2.1/include
 /usr/local/include
 /usr/lib/gcc/x86_64-pc-linux-gnu/13.2.1/include-fixed
 /usr/include
End of search list.
Compiler executable checksum: 5a490a353c29b926850bca65a518c219
COLLECT_GCC_OPTIONS='-fdiagnostics-color=always' '-v' '-o' 'CMakeFiles/cmTC_ad1f7.dir/CMakeCXXCompilerABI.cpp.o' '-c' '-shared-libgcc' '-mtune=generic' '-march=x86-64' '-dumpdir' 'CMakeFiles/cmTC_ad1f7.dir/'
 as -v --64 -o CMakeFiles/cmTC_ad1f7.dir/CMakeCXXCompilerABI.cpp.o /tmp/ccYPj4Mh.s
GNU assembler version 2.40 (x86_64-pc-linux-gnu) using BFD version (GNU Binutils) 2.40
COMPILER_PATH=/usr/lib/gcc/x86_64-pc-linux-gnu/13.2.1/:/usr/lib/gcc/x86_64-pc-linux-gnu/13.2.1/:/usr/lib/gcc/x86_64-pc-linux-gnu/:/usr/lib/gcc/x86_64-pc-linux-gnu/13.2.1/:/usr/lib/gcc/x86_64-pc-linux-gnu/
LIBRARY_PATH=/usr/lib/gcc/x86_64-pc-linux-gnu/13.2.1/:/usr/lib/gcc/x86_64-pc-linux-gnu/13.2.1/../../../../lib/:/lib/../lib/:/usr/lib/../lib/:/usr/lib/gcc/x86_64-pc-linux-gnu/13.2.1/../../../:/lib/:/usr/lib/
COLLECT_GCC_OPTIONS='-fdiagnostics-color=always' '-v' '-o' 'CMakeFiles/cmTC_ad1f7.dir/CMakeCXXCompilerABI.cpp.o' '-c' '-shared-libgcc' '-mtune=generic' '-march=x86-64' '-dumpdir' 'CMakeFiles/cmTC_ad1f7.dir/CMakeCXXCompilerABI.cpp.'
Linking CXX executable cmTC_ad1f7
/home/zhb15/newDisk/SoftWare/clion-2022.3.3/bin/cmake/linux/x64/bin/cmake -E cmake_link_script CMakeFiles/cmTC_ad1f7.dir/link.txt --verbose=1
/usr/bin/g++  -v CMakeFiles/cmTC_ad1f7.dir/CMakeCXXCompilerABI.cpp.o -o cmTC_ad1f7 
Using built-in specs.
COLLECT_GCC=/usr/bin/g++
COLLECT_LTO_WRAPPER=/usr/lib/gcc/x86_64-pc-linux-gnu/13.2.1/lto-wrapper
Target: x86_64-pc-linux-gnu
Configured with: /build/gcc/src/gcc/configure --enable-languages=ada,c,c++,d,fortran,go,lto,objc,obj-c++ --enable-bootstrap --prefix=/usr --libdir=/usr/lib --libexecdir=/usr/lib --mandir=/usr/share/man --infodir=/usr/share/info --with-bugurl=https://bugs.archlinux.org/ --with-build-config=bootstrap-lto --with-linker-hash-style=gnu --with-system-zlib --enable-__cxa_atexit --enable-cet=auto --enable-checking=release --enable-clocale=gnu --enable-default-pie --enable-default-ssp --enable-gnu-indirect-function --enable-gnu-unique-object --enable-libstdcxx-backtrace --enable-link-serialization=1 --enable-linker-build-id --enable-lto --enable-multilib --enable-plugin --enable-shared --enable-threads=posix --disable-libssp --disable-libstdcxx-pch --disable-werror
Thread model: posix
Supported LTO compression algorithms: zlib zstd
gcc version 13.2.1 20230801 (GCC) 
COMPILER_PATH=/usr/lib/gcc/x86_64-pc-linux-gnu/13.2.1/:/usr/lib/gcc/x86_64-pc-linux-gnu/13.2.1/:/usr/lib/gcc/x86_64-pc-linux-gnu/:/usr/lib/gcc/x86_64-pc-linux-gnu/13.2.1/:/usr/lib/gcc/x86_64-pc-linux-gnu/
LIBRARY_PATH=/usr/lib/gcc/x86_64-pc-linux-gnu/13.2.1/:/usr/lib/gcc/x86_64-pc-linux-gnu/13.2.1/../../../../lib/:/lib/../lib/:/usr/lib/../lib/:/usr/lib/gcc/x86_64-pc-linux-gnu/13.2.1/../../../:/lib/:/usr/lib/
COLLECT_GCC_OPTIONS='-v' '-o' 'cmTC_ad1f7' '-shared-libgcc' '-mtune=generic' '-march=x86-64' '-dumpdir' 'cmTC_ad1f7.'
 /usr/lib/gcc/x86_64-pc-linux-gnu/13.2.1/collect2 -plugin /usr/lib/gcc/x86_64-pc-linux-gnu/13.2.1/liblto_plugin.so -plugin-opt=/usr/lib/gcc/x86_64-pc-linux-gnu/13.2.1/lto-wrapper -plugin-opt=-fresolution=/tmp/ccMNpIrw.res -plugin-opt=-pass-through=-lgcc_s -plugin-opt=-pass-through=-lgcc -plugin-opt=-pass-through=-lc -plugin-opt=-pass-through=-lgcc_s -plugin-opt=-pass-through=-lgcc --build-id --eh-frame-hdr --hash-style=gnu -m elf_x86_64 -dynamic-linker /lib64/ld-linux-x86-64.so.2 -pie -o cmTC_ad1f7 /usr/lib/gcc/x86_64-pc-linux-gnu/13.2.1/../../../../lib/Scrt1.o /usr/lib/gcc/x86_64-pc-linux-gnu/13.2.1/../../../../lib/crti.o /usr/lib/gcc/x86_64-pc-linux-gnu/13.2.1/crtbeginS.o -L/usr/lib/gcc/x86_64-pc-linux-gnu/13.2.1 -L/usr/lib/gcc/x86_64-pc-linux-gnu/13.2.1/../../../../lib -L/lib/../lib -L/usr/lib/../lib -L/usr/lib/gcc/x86_64-pc-linux-gnu/13.2.1/../../.. CMakeFiles/cmTC_ad1f7.dir/CMakeCXXCompilerABI.cpp.o -lstdc++ -lm -lgcc_s -lgcc -lc -lgcc_s -lgcc /usr/lib/gcc/x86_64-pc-linux-gnu/13.2.1/crtendS.o /usr/lib/gcc/x86_64-pc-linux-gnu/13.2.1/../../../../lib/crtn.o
COLLECT_GCC_OPTIONS='-v' '-o' 'cmTC_ad1f7' '-shared-libgcc' '-mtune=generic' '-march=x86-64' '-dumpdir' 'cmTC_ad1f7.'
make[1]: Leaving directory '/home/zhb15/Desktop/note/cxx/test/build/CMakeFiles/CMakeTmp'



Parsed CXX implicit include dir info from above output: rv=done
  found start of include info
  found start of implicit include info
    add: [/usr/lib/gcc/x86_64-pc-linux-gnu/13.2.1/../../../../include/c++/13.2.1]
    add: [/usr/lib/gcc/x86_64-pc-linux-gnu/13.2.1/../../../../include/c++/13.2.1/x86_64-pc-linux-gnu]
    add: [/usr/lib/gcc/x86_64-pc-linux-gnu/13.2.1/../../../../include/c++/13.2.1/backward]
    add: [/usr/lib/gcc/x86_64-pc-linux-gnu/13.2.1/include]
    add: [/usr/local/include]
    add: [/usr/lib/gcc/x86_64-pc-linux-gnu/13.2.1/include-fixed]
    add: [/usr/include]
  end of search list found
  collapse include dir [/usr/lib/gcc/x86_64-pc-linux-gnu/13.2.1/../../../../include/c++/13.2.1] ==> [/usr/include/c++/13.2.1]
  collapse include dir [/usr/lib/gcc/x86_64-pc-linux-gnu/13.2.1/../../../../include/c++/13.2.1/x86_64-pc-linux-gnu] ==> [/usr/include/c++/13.2.1/x86_64-pc-linux-gnu]
  collapse include dir [/usr/lib/gcc/x86_64-pc-linux-gnu/13.2.1/../../../../include/c++/13.2.1/backward] ==> [/usr/include/c++/13.2.1/backward]
  collapse include dir [/usr/lib/gcc/x86_64-pc-linux-gnu/13.2.1/include] ==> [/usr/lib/gcc/x86_64-pc-linux-gnu/13.2.1/include]
  collapse include dir [/usr/local/include] ==> [/usr/local/include]
  collapse include dir [/usr/lib/gcc/x86_64-pc-linux-gnu/13.2.1/include-fixed] ==> [/usr/lib/gcc/x86_64-pc-linux-gnu/13.2.1/include-fixed]
  collapse include dir [/usr/include] ==> [/usr/include]
  implicit include dirs: [/usr/include/c++/13.2.1;/usr/include/c++/13.2.1/x86_64-pc-linux-gnu;/usr/include/c++/13.2.1/backward;/usr/lib/gcc/x86_64-pc-linux-gnu/13.2.1/include;/usr/local/include;/usr/lib/gcc/x86_64-pc-linux-gnu/13.2.1/include-fixed;/usr/include]


Parsed CXX implicit link information from above output:
  link line regex: [^( *|.*[/\])(ld|CMAKE_LINK_STARTFILE-NOTFOUND|([^/\]+-)?ld|collect2)[^/\]*( |$)]
  ignore line: [Change Dir: /home/zhb15/Desktop/note/cxx/test/build/CMakeFiles/CMakeTmp]
  ignore line: []
  ignore line: [Run Build Command(s):/usr/bin/make -f Makefile cmTC_ad1f7/fast && /usr/bin/make  -f CMakeFiles/cmTC_ad1f7.dir/build.make CMakeFiles/cmTC_ad1f7.dir/build]
  ignore line: [make[1]: Entering directory '/home/zhb15/Desktop/note/cxx/test/build/CMakeFiles/CMakeTmp']
  ignore line: [Building CXX object CMakeFiles/cmTC_ad1f7.dir/CMakeCXXCompilerABI.cpp.o]
  ignore line: [/usr/bin/g++   -fdiagnostics-color=always   -v -o CMakeFiles/cmTC_ad1f7.dir/CMakeCXXCompilerABI.cpp.o -c /home/zhb15/newDisk/SoftWare/clion-2022.3.3/bin/cmake/linux/x64/share/cmake-3.24/Modules/CMakeCXXCompilerABI.cpp]
  ignore line: [Using built-in specs.]
  ignore line: [COLLECT_GCC=/usr/bin/g++]
  ignore line: [Target: x86_64-pc-linux-gnu]
  ignore line: [Configured with: /build/gcc/src/gcc/configure --enable-languages=ada c c++ d fortran go lto objc obj-c++ --enable-bootstrap --prefix=/usr --libdir=/usr/lib --libexecdir=/usr/lib --mandir=/usr/share/man --infodir=/usr/share/info --with-bugurl=https://bugs.archlinux.org/ --with-build-config=bootstrap-lto --with-linker-hash-style=gnu --with-system-zlib --enable-__cxa_atexit --enable-cet=auto --enable-checking=release --enable-clocale=gnu --enable-default-pie --enable-default-ssp --enable-gnu-indirect-function --enable-gnu-unique-object --enable-libstdcxx-backtrace --enable-link-serialization=1 --enable-linker-build-id --enable-lto --enable-multilib --enable-plugin --enable-shared --enable-threads=posix --disable-libssp --disable-libstdcxx-pch --disable-werror]
  ignore line: [Thread model: posix]
  ignore line: [Supported LTO compression algorithms: zlib zstd]
  ignore line: [gcc version 13.2.1 20230801 (GCC) ]
  ignore line: [COLLECT_GCC_OPTIONS='-fdiagnostics-color=always' '-v' '-o' 'CMakeFiles/cmTC_ad1f7.dir/CMakeCXXCompilerABI.cpp.o' '-c' '-shared-libgcc' '-mtune=generic' '-march=x86-64' '-dumpdir' 'CMakeFiles/cmTC_ad1f7.dir/']
  ignore line: [ /usr/lib/gcc/x86_64-pc-linux-gnu/13.2.1/cc1plus -quiet -v -D_GNU_SOURCE /home/zhb15/newDisk/SoftWare/clion-2022.3.3/bin/cmake/linux/x64/share/cmake-3.24/Modules/CMakeCXXCompilerABI.cpp -quiet -dumpdir CMakeFiles/cmTC_ad1f7.dir/ -dumpbase CMakeCXXCompilerABI.cpp.cpp -dumpbase-ext .cpp -mtune=generic -march=x86-64 -version -fdiagnostics-color=always -o /tmp/ccYPj4Mh.s]
  ignore line: [GNU C++17 (GCC) version 13.2.1 20230801 (x86_64-pc-linux-gnu)]
  ignore line: [	compiled by GNU C version 13.2.1 20230801  GMP version 6.3.0  MPFR version 4.2.0-p12  MPC version 1.3.1  isl version isl-0.25-GMP]
  ignore line: []
  ignore line: [warning: GMP header version 6.3.0 differs from library version 6.2.1.]
  ignore line: [warning: MPFR header version 4.2.0-p12 differs from library version 4.2.0.]
  ignore line: [GGC heuristics: --param ggc-min-expand=100 --param ggc-min-heapsize=131072]
  ignore line: [ignoring nonexistent directory "/usr/lib/gcc/x86_64-pc-linux-gnu/13.2.1/../../../../x86_64-pc-linux-gnu/include"]
  ignore line: [#include "..." search starts here:]
  ignore line: [#include <...> search starts here:]
  ignore line: [ /usr/lib/gcc/x86_64-pc-linux-gnu/13.2.1/../../../../include/c++/13.2.1]
  ignore line: [ /usr/lib/gcc/x86_64-pc-linux-gnu/13.2.1/../../../../include/c++/13.2.1/x86_64-pc-linux-gnu]
  ignore line: [ /usr/lib/gcc/x86_64-pc-linux-gnu/13.2.1/../../../../include/c++/13.2.1/backward]
  ignore line: [ /usr/lib/gcc/x86_64-pc-linux-gnu/13.2.1/include]
  ignore line: [ /usr/local/include]
  ignore line: [ /usr/lib/gcc/x86_64-pc-linux-gnu/13.2.1/include-fixed]
  ignore line: [ /usr/include]
  ignore line: [End of search list.]
  ignore line: [Compiler executable checksum: 5a490a353c29b926850bca65a518c219]
  ignore line: [COLLECT_GCC_OPTIONS='-fdiagnostics-color=always' '-v' '-o' 'CMakeFiles/cmTC_ad1f7.dir/CMakeCXXCompilerABI.cpp.o' '-c' '-shared-libgcc' '-mtune=generic' '-march=x86-64' '-dumpdir' 'CMakeFiles/cmTC_ad1f7.dir/']
  ignore line: [ as -v --64 -o CMakeFiles/cmTC_ad1f7.dir/CMakeCXXCompilerABI.cpp.o /tmp/ccYPj4Mh.s]
  ignore line: [GNU assembler version 2.40 (x86_64-pc-linux-gnu) using BFD version (GNU Binutils) 2.40]
  ignore line: [COMPILER_PATH=/usr/lib/gcc/x86_64-pc-linux-gnu/13.2.1/:/usr/lib/gcc/x86_64-pc-linux-gnu/13.2.1/:/usr/lib/gcc/x86_64-pc-linux-gnu/:/usr/lib/gcc/x86_64-pc-linux-gnu/13.2.1/:/usr/lib/gcc/x86_64-pc-linux-gnu/]
  ignore line: [LIBRARY_PATH=/usr/lib/gcc/x86_64-pc-linux-gnu/13.2.1/:/usr/lib/gcc/x86_64-pc-linux-gnu/13.2.1/../../../../lib/:/lib/../lib/:/usr/lib/../lib/:/usr/lib/gcc/x86_64-pc-linux-gnu/13.2.1/../../../:/lib/:/usr/lib/]
  ignore line: [COLLECT_GCC_OPTIONS='-fdiagnostics-color=always' '-v' '-o' 'CMakeFiles/cmTC_ad1f7.dir/CMakeCXXCompilerABI.cpp.o' '-c' '-shared-libgcc' '-mtune=generic' '-march=x86-64' '-dumpdir' 'CMakeFiles/cmTC_ad1f7.dir/CMakeCXXCompilerABI.cpp.']
  ignore line: [Linking CXX executable cmTC_ad1f7]
  ignore line: [/home/zhb15/newDisk/SoftWare/clion-2022.3.3/bin/cmake/linux/x64/bin/cmake -E cmake_link_script CMakeFiles/cmTC_ad1f7.dir/link.txt --verbose=1]
  ignore line: [/usr/bin/g++  -v CMakeFiles/cmTC_ad1f7.dir/CMakeCXXCompilerABI.cpp.o -o cmTC_ad1f7 ]
  ignore line: [Using built-in specs.]
  ignore line: [COLLECT_GCC=/usr/bin/g++]
  ignore line: [COLLECT_LTO_WRAPPER=/usr/lib/gcc/x86_64-pc-linux-gnu/13.2.1/lto-wrapper]
  ignore line: [Target: x86_64-pc-linux-gnu]
  ignore line: [Configured with: /build/gcc/src/gcc/configure --enable-languages=ada c c++ d fortran go lto objc obj-c++ --enable-bootstrap --prefix=/usr --libdir=/usr/lib --libexecdir=/usr/lib --mandir=/usr/share/man --infodir=/usr/share/info --with-bugurl=https://bugs.archlinux.org/ --with-build-config=bootstrap-lto --with-linker-hash-style=gnu --with-system-zlib --enable-__cxa_atexit --enable-cet=auto --enable-checking=release --enable-clocale=gnu --enable-default-pie --enable-default-ssp --enable-gnu-indirect-function --enable-gnu-unique-object --enable-libstdcxx-backtrace --enable-link-serialization=1 --enable-linker-build-id --enable-lto --enable-multilib --enable-plugin --enable-shared --enable-threads=posix --disable-libssp --disable-libstdcxx-pch --disable-werror]
  ignore line: [Thread model: posix]
  ignore line: [Supported LTO compression algorithms: zlib zstd]
  ignore line: [gcc version 13.2.1 20230801 (GCC) ]
  ignore line: [COMPILER_PATH=/usr/lib/gcc/x86_64-pc-linux-gnu/13.2.1/:/usr/lib/gcc/x86_64-pc-linux-gnu/13.2.1/:/usr/lib/gcc/x86_64-pc-linux-gnu/:/usr/lib/gcc/x86_64-pc-linux-gnu/13.2.1/:/usr/lib/gcc/x86_64-pc-linux-gnu/]
  ignore line: [LIBRARY_PATH=/usr/lib/gcc/x86_64-pc-linux-gnu/13.2.1/:/usr/lib/gcc/x86_64-pc-linux-gnu/13.2.1/../../../../lib/:/lib/../lib/:/usr/lib/../lib/:/usr/lib/gcc/x86_64-pc-linux-gnu/13.2.1/../../../:/lib/:/usr/lib/]
  ignore line: [COLLECT_GCC_OPTIONS='-v' '-o' 'cmTC_ad1f7' '-shared-libgcc' '-mtune=generic' '-march=x86-64' '-dumpdir' 'cmTC_ad1f7.']
  link line: [ /usr/lib/gcc/x86_64-pc-linux-gnu/13.2.1/collect2 -plugin /usr/lib/gcc/x86_64-pc-linux-gnu/13.2.1/liblto_plugin.so -plugin-opt=/usr/lib/gcc/x86_64-pc-linux-gnu/13.2.1/lto-wrapper -plugin-opt=-fresolution=/tmp/ccMNpIrw.res -plugin-opt=-pass-through=-lgcc_s -plugin-opt=-pass-through=-lgcc -plugin-opt=-pass-through=-lc -plugin-opt=-pass-through=-lgcc_s -plugin-opt=-pass-through=-lgcc --build-id --eh-frame-hdr --hash-style=gnu -m elf_x86_64 -dynamic-linker /lib64/ld-linux-x86-64.so.2 -pie -o cmTC_ad1f7 /usr/lib/gcc/x86_64-pc-linux-gnu/13.2.1/../../../../lib/Scrt1.o /usr/lib/gcc/x86_64-pc-linux-gnu/13.2.1/../../../../lib/crti.o /usr/lib/gcc/x86_64-pc-linux-gnu/13.2.1/crtbeginS.o -L/usr/lib/gcc/x86_64-pc-linux-gnu/13.2.1 -L/usr/lib/gcc/x86_64-pc-linux-gnu/13.2.1/../../../../lib -L/lib/../lib -L/usr/lib/../lib -L/usr/lib/gcc/x86_64-pc-linux-gnu/13.2.1/../../.. CMakeFiles/cmTC_ad1f7.dir/CMakeCXXCompilerABI.cpp.o -lstdc++ -lm -lgcc_s -lgcc -lc -lgcc_s -lgcc /usr/lib/gcc/x86_64-pc-linux-gnu/13.2.1/crtendS.o /usr/lib/gcc/x86_64-pc-linux-gnu/13.2.1/../../../../lib/crtn.o]
    arg [/usr/lib/gcc/x86_64-pc-linux-gnu/13.2.1/collect2] ==> ignore
    arg [-plugin] ==> ignore
    arg [/usr/lib/gcc/x86_64-pc-linux-gnu/13.2.1/liblto_plugin.so] ==> ignore
    arg [-plugin-opt=/usr/lib/gcc/x86_64-pc-linux-gnu/13.2.1/lto-wrapper] ==> ignore
    arg [-plugin-opt=-fresolution=/tmp/ccMNpIrw.res] ==> ignore
    arg [-plugin-opt=-pass-through=-lgcc_s] ==> ignore
    arg [-plugin-opt=-pass-through=-lgcc] ==> ignore
    arg [-plugin-opt=-pass-through=-lc] ==> ignore
    arg [-plugin-opt=-pass-through=-lgcc_s] ==> ignore
    arg [-plugin-opt=-pass-through=-lgcc] ==> ignore
    arg [--build-id] ==> ignore
    arg [--eh-frame-hdr] ==> ignore
    arg [--hash-style=gnu] ==> ignore
    arg [-m] ==> ignore
    arg [elf_x86_64] ==> ignore
    arg [-dynamic-linker] ==> ignore
    arg [/lib64/ld-linux-x86-64.so.2] ==> ignore
    arg [-pie] ==> ignore
    arg [-o] ==> ignore
    arg [cmTC_ad1f7] ==> ignore
    arg [/usr/lib/gcc/x86_64-pc-linux-gnu/13.2.1/../../../../lib/Scrt1.o] ==> obj [/usr/lib/gcc/x86_64-pc-linux-gnu/13.2.1/../../../../lib/Scrt1.o]
    arg [/usr/lib/gcc/x86_64-pc-linux-gnu/13.2.1/../../../../lib/crti.o] ==> obj [/usr/lib/gcc/x86_64-pc-linux-gnu/13.2.1/../../../../lib/crti.o]
    arg [/usr/lib/gcc/x86_64-pc-linux-gnu/13.2.1/crtbeginS.o] ==> obj [/usr/lib/gcc/x86_64-pc-linux-gnu/13.2.1/crtbeginS.o]
    arg [-L/usr/lib/gcc/x86_64-pc-linux-gnu/13.2.1] ==> dir [/usr/lib/gcc/x86_64-pc-linux-gnu/13.2.1]
    arg [-L/usr/lib/gcc/x86_64-pc-linux-gnu/13.2.1/../../../../lib] ==> dir [/usr/lib/gcc/x86_64-pc-linux-gnu/13.2.1/../../../../lib]
    arg [-L/lib/../lib] ==> dir [/lib/../lib]
    arg [-L/usr/lib/../lib] ==> dir [/usr/lib/../lib]
    arg [-L/usr/lib/gcc/x86_64-pc-linux-gnu/13.2.1/../../..] ==> dir [/usr/lib/gcc/x86_64-pc-linux-gnu/13.2.1/../../..]
    arg [CMakeFiles/cmTC_ad1f7.dir/CMakeCXXCompilerABI.cpp.o] ==> ignore
    arg [-lstdc++] ==> lib [stdc++]
    arg [-lm] ==> lib [m]
    arg [-lgcc_s] ==> lib [gcc_s]
    arg [-lgcc] ==> lib [gcc]
    arg [-lc] ==> lib [c]
    arg [-lgcc_s] ==> lib [gcc_s]
    arg [-lgcc] ==> lib [gcc]
    arg [/usr/lib/gcc/x86_64-pc-linux-gnu/13.2.1/crtendS.o] ==> obj [/usr/lib/gcc/x86_64-pc-linux-gnu/13.2.1/crtendS.o]
    arg [/usr/lib/gcc/x86_64-pc-linux-gnu/13.2.1/../../../../lib/crtn.o] ==> obj [/usr/lib/gcc/x86_64-pc-linux-gnu/13.2.1/../../../../lib/crtn.o]
  collapse obj [/usr/lib/gcc/x86_64-pc-linux-gnu/13.2.1/../../../../lib/Scrt1.o] ==> [/usr/lib/Scrt1.o]
  collapse obj [/usr/lib/gcc/x86_64-pc-linux-gnu/13.2.1/../../../../lib/crti.o] ==> [/usr/lib/crti.o]
  collapse obj [/usr/lib/gcc/x86_64-pc-linux-gnu/13.2.1/../../../../lib/crtn.o] ==> [/usr/lib/crtn.o]
  collapse library dir [/usr/lib/gcc/x86_64-pc-linux-gnu/13.2.1] ==> [/usr/lib/gcc/x86_64-pc-linux-gnu/13.2.1]
  collapse library dir [/usr/lib/gcc/x86_64-pc-linux-gnu/13.2.1/../../../../lib] ==> [/usr/lib]
  collapse library dir [/lib/../lib] ==> [/lib]
  collapse library dir [/usr/lib/../lib] ==> [/usr/lib]
  collapse library dir [/usr/lib/gcc/x86_64-pc-linux-gnu/13.2.1/../../..] ==> [/usr/lib]
  implicit libs: [stdc++;m;gcc_s;gcc;c;gcc_s;gcc]
  implicit objs: [/usr/lib/Scrt1.o;/usr/lib/crti.o;/usr/lib/gcc/x86_64-pc-linux-gnu/13.2.1/crtbeginS.o;/usr/lib/gcc/x86_64-pc-linux-gnu/13.2.1/crtendS.o;/usr/lib/crtn.o]
  implicit dirs: [/usr/lib/gcc/x86_64-pc-linux-gnu/13.2.1;/usr/lib;/lib]
  implicit fwks: []


Performing C SOURCE FILE Test CMAKE_HAVE_LIBC_PTHREAD succeeded with the following output:
Change Dir: /home/zhb15/Desktop/note/cxx/test/build/CMakeFiles/CMakeTmp

Run Build Command(s):/usr/bin/make -f Makefile cmTC_fad63/fast && /usr/bin/make  -f CMakeFiles/cmTC_fad63.dir/build.make CMakeFiles/cmTC_fad63.dir/build
make[1]: 进入目录“/home/zhb15/Desktop/note/cxx/test/build/CMakeFiles/CMakeTmp”
Building C object CMakeFiles/cmTC_fad63.dir/src.c.o
/usr/bin/gcc -DCMAKE_HAVE_LIBC_PTHREAD  -fopenmp -Wall -W -O2  -fPIE -fdiagnostics-color=always -o CMakeFiles/cmTC_fad63.dir/src.c.o -c /home/zhb15/Desktop/note/cxx/test/build/CMakeFiles/CMakeTmp/src.c
Linking C executable cmTC_fad63
/home/zhb15/newDisk/SoftWare/clion-2022.3.3/bin/cmake/linux/x64/bin/cmake -E cmake_link_script CMakeFiles/cmTC_fad63.dir/link.txt --verbose=1
/usr/bin/gcc  -fopenmp -Wall -W -O2  CMakeFiles/cmTC_fad63.dir/src.c.o -o cmTC_fad63 
make[1]: 离开目录“/home/zhb15/Desktop/note/cxx/test/build/CMakeFiles/CMakeTmp”


Source file was:
#include <pthread.h>

static void* test_func(void* data)
{
  return data;
}

int main(void)
{
  pthread_t thread;
  pthread_create(&thread, NULL, test_func, NULL);
  pthread_detach(thread);
  pthread_cancel(thread);
  pthread_join(thread, NULL);
  pthread_atfork(NULL, NULL, NULL);
  pthread_exit(NULL);

  return 0;
}

Detecting C OpenMP compiler ABI info compiled with the following output:
Change Dir: /home/zhb15/Desktop/note/cxx/test/build/CMakeFiles/CMakeTmp

Run Build Command(s):/usr/bin/make -f Makefile cmTC_9be9b/fast && /usr/bin/make  -f CMakeFiles/cmTC_9be9b.dir/build.make CMakeFiles/cmTC_9be9b.dir/build
make[1]: 进入目录“/home/zhb15/Desktop/note/cxx/test/build/CMakeFiles/CMakeTmp”
Building C object CMakeFiles/cmTC_9be9b.dir/OpenMPTryFlag.c.o
/usr/bin/gcc   -fopenmp -Wall -W -O2 -fopenmp -v -fPIE -fdiagnostics-color=always -o CMakeFiles/cmTC_9be9b.dir/OpenMPTryFlag.c.o -c /home/zhb15/Desktop/note/cxx/test/build/CMakeFiles/FindOpenMP/OpenMPTryFlag.c
使用内建 specs。
COLLECT_GCC=/usr/bin/gcc
目标：x86_64-pc-linux-gnu
配置为：/build/gcc/src/gcc/configure --enable-languages=ada,c,c++,d,fortran,go,lto,objc,obj-c++ --enable-bootstrap --prefix=/usr --libdir=/usr/lib --libexecdir=/usr/lib --mandir=/usr/share/man --infodir=/usr/share/info --with-bugurl=https://bugs.archlinux.org/ --with-build-config=bootstrap-lto --with-linker-hash-style=gnu --with-system-zlib --enable-__cxa_atexit --enable-cet=auto --enable-checking=release --enable-clocale=gnu --enable-default-pie --enable-default-ssp --enable-gnu-indirect-function --enable-gnu-unique-object --enable-libstdcxx-backtrace --enable-link-serialization=1 --enable-linker-build-id --enable-lto --enable-multilib --enable-plugin --enable-shared --enable-threads=posix --disable-libssp --disable-libstdcxx-pch --disable-werror
线程模型：posix
支持的 LTO 压缩算法：zlib zstd
gcc 版本 13.2.1 20230801 (GCC) 
COLLECT_GCC_OPTIONS='-fdiagnostics-color=always' '-Wall' '-Wextra' '-O2' '-fopenmp' '-v' '-fPIE' '-o' 'CMakeFiles/cmTC_9be9b.dir/OpenMPTryFlag.c.o' '-c' '-mtune=generic' '-march=x86-64' '-pthread' '-dumpdir' 'CMakeFiles/cmTC_9be9b.dir/'
 /usr/lib/gcc/x86_64-pc-linux-gnu/13.2.1/cc1 -quiet -v -D_REENTRANT /home/zhb15/Desktop/note/cxx/test/build/CMakeFiles/FindOpenMP/OpenMPTryFlag.c -quiet -dumpdir CMakeFiles/cmTC_9be9b.dir/ -dumpbase OpenMPTryFlag.c.c -dumpbase-ext .c -mtune=generic -march=x86-64 -O2 -Wall -Wextra -version -fdiagnostics-color=always -fopenmp -fPIE -o /tmp/ccXPr1p4.s
GNU C17 (GCC) 版本 13.2.1 20230801 (x86_64-pc-linux-gnu)
	由 GNU C 版本 13.2.1 20230801 编译，GMP 版本 6.3.0，MPFR 版本 4.2.0-p12，MPC 版本 1.3.1，isl 版本 isl-0.25-GMP

警告：GMP 头文件版本 6.3.0 与库版本 6.2.1 不同。
警告：MPFR 头文件版本 4.2.0-p12 与库版本 4.2.0 不同。
GGC 准则：--param ggc-min-expand=100 --param ggc-min-heapsize=131072
忽略不存在的目录“/usr/lib/gcc/x86_64-pc-linux-gnu/13.2.1/../../../../x86_64-pc-linux-gnu/include”
#include "..." 搜索从这里开始：
#include <...> 搜索从这里开始：
 /usr/lib/gcc/x86_64-pc-linux-gnu/13.2.1/include
 /usr/local/include
 /usr/lib/gcc/x86_64-pc-linux-gnu/13.2.1/include-fixed
 /usr/include
搜索列表结束。
Compiler executable checksum: 865c2688a4f1e3f13d6bf2cc8fd98762
COLLECT_GCC_OPTIONS='-fdiagnostics-color=always' '-Wall' '-Wextra' '-O2' '-fopenmp' '-v' '-fPIE' '-o' 'CMakeFiles/cmTC_9be9b.dir/OpenMPTryFlag.c.o' '-c' '-mtune=generic' '-march=x86-64' '-pthread' '-dumpdir' 'CMakeFiles/cmTC_9be9b.dir/'
 as -v --64 -o CMakeFiles/cmTC_9be9b.dir/OpenMPTryFlag.c.o /tmp/ccXPr1p4.s
GNU assembler version 2.40 (x86_64-pc-linux-gnu) using BFD version (GNU Binutils) 2.40
COMPILER_PATH=/usr/lib/gcc/x86_64-pc-linux-gnu/13.2.1/:/usr/lib/gcc/x86_64-pc-linux-gnu/13.2.1/:/usr/lib/gcc/x86_64-pc-linux-gnu/:/usr/lib/gcc/x86_64-pc-linux-gnu/13.2.1/:/usr/lib/gcc/x86_64-pc-linux-gnu/
LIBRARY_PATH=/usr/lib/gcc/x86_64-pc-linux-gnu/13.2.1/:/usr/lib/gcc/x86_64-pc-linux-gnu/13.2.1/../../../../lib/:/lib/../lib/:/usr/lib/../lib/:/usr/lib/gcc/x86_64-pc-linux-gnu/13.2.1/../../../:/lib/:/usr/lib/
COLLECT_GCC_OPTIONS='-fdiagnostics-color=always' '-Wall' '-Wextra' '-O2' '-fopenmp' '-v' '-fPIE' '-o' 'CMakeFiles/cmTC_9be9b.dir/OpenMPTryFlag.c.o' '-c' '-mtune=generic' '-march=x86-64' '-pthread' '-dumpdir' 'CMakeFiles/cmTC_9be9b.dir/OpenMPTryFlag.c.'
Linking C executable cmTC_9be9b
/home/zhb15/newDisk/SoftWare/clion-2022.3.3/bin/cmake/linux/x64/bin/cmake -E cmake_link_script CMakeFiles/cmTC_9be9b.dir/link.txt --verbose=1
/usr/bin/gcc  -fopenmp -Wall -W -O2 -fopenmp -v CMakeFiles/cmTC_9be9b.dir/OpenMPTryFlag.c.o -o cmTC_9be9b  -v 
使用内建 specs。
COLLECT_GCC=/usr/bin/gcc
COLLECT_LTO_WRAPPER=/usr/lib/gcc/x86_64-pc-linux-gnu/13.2.1/lto-wrapper
目标：x86_64-pc-linux-gnu
配置为：/build/gcc/src/gcc/configure --enable-languages=ada,c,c++,d,fortran,go,lto,objc,obj-c++ --enable-bootstrap --prefix=/usr --libdir=/usr/lib --libexecdir=/usr/lib --mandir=/usr/share/man --infodir=/usr/share/info --with-bugurl=https://bugs.archlinux.org/ --with-build-config=bootstrap-lto --with-linker-hash-style=gnu --with-system-zlib --enable-__cxa_atexit --enable-cet=auto --enable-checking=release --enable-clocale=gnu --enable-default-pie --enable-default-ssp --enable-gnu-indirect-function --enable-gnu-unique-object --enable-libstdcxx-backtrace --enable-link-serialization=1 --enable-linker-build-id --enable-lto --enable-multilib --enable-plugin --enable-shared --enable-threads=posix --disable-libssp --disable-libstdcxx-pch --disable-werror
线程模型：posix
支持的 LTO 压缩算法：zlib zstd
gcc 版本 13.2.1 20230801 (GCC) 
COMPILER_PATH=/usr/lib/gcc/x86_64-pc-linux-gnu/13.2.1/:/usr/lib/gcc/x86_64-pc-linux-gnu/13.2.1/:/usr/lib/gcc/x86_64-pc-linux-gnu/:/usr/lib/gcc/x86_64-pc-linux-gnu/13.2.1/:/usr/lib/gcc/x86_64-pc-linux-gnu/
LIBRARY_PATH=/usr/lib/gcc/x86_64-pc-linux-gnu/13.2.1/:/usr/lib/gcc/x86_64-pc-linux-gnu/13.2.1/../../../../lib/:/lib/../lib/:/usr/lib/../lib/:/usr/lib/gcc/x86_64-pc-linux-gnu/13.2.1/../../../:/lib/:/usr/lib/
从 /usr/lib/gcc/x86_64-pc-linux-gnu/13.2.1/../../../../lib/libgomp.spec 读取 specs
COLLECT_GCC_OPTIONS='-Wall' '-Wextra' '-O2' '-fopenmp' '-v' '-o' 'cmTC_9be9b' '-v' '-mtune=generic' '-march=x86-64' '-pthread' '-dumpdir' 'cmTC_9be9b.'
 /usr/lib/gcc/x86_64-pc-linux-gnu/13.2.1/collect2 -plugin /usr/lib/gcc/x86_64-pc-linux-gnu/13.2.1/liblto_plugin.so -plugin-opt=/usr/lib/gcc/x86_64-pc-linux-gnu/13.2.1/lto-wrapper -plugin-opt=-fresolution=/tmp/cc5gJkoC.res -plugin-opt=-pass-through=-lgcc -plugin-opt=-pass-through=-lgcc_s -plugin-opt=-pass-through=-lpthread -plugin-opt=-pass-through=-lc -plugin-opt=-pass-through=-lgcc -plugin-opt=-pass-through=-lgcc_s --build-id --eh-frame-hdr --hash-style=gnu -m elf_x86_64 -dynamic-linker /lib64/ld-linux-x86-64.so.2 -pie -o cmTC_9be9b /usr/lib/gcc/x86_64-pc-linux-gnu/13.2.1/../../../../lib/Scrt1.o /usr/lib/gcc/x86_64-pc-linux-gnu/13.2.1/../../../../lib/crti.o /usr/lib/gcc/x86_64-pc-linux-gnu/13.2.1/crtbeginS.o -L/usr/lib/gcc/x86_64-pc-linux-gnu/13.2.1 -L/usr/lib/gcc/x86_64-pc-linux-gnu/13.2.1/../../../../lib -L/lib/../lib -L/usr/lib/../lib -L/usr/lib/gcc/x86_64-pc-linux-gnu/13.2.1/../../.. CMakeFiles/cmTC_9be9b.dir/OpenMPTryFlag.c.o -lgomp -lgcc --push-state --as-needed -lgcc_s --pop-state -lpthread -lc -lgcc --push-state --as-needed -lgcc_s --pop-state /usr/lib/gcc/x86_64-pc-linux-gnu/13.2.1/crtendS.o /usr/lib/gcc/x86_64-pc-linux-gnu/13.2.1/../../../../lib/crtn.o
COLLECT_GCC_OPTIONS='-Wall' '-Wextra' '-O2' '-fopenmp' '-v' '-o' 'cmTC_9be9b' '-v' '-mtune=generic' '-march=x86-64' '-pthread' '-dumpdir' 'cmTC_9be9b.'
make[1]: 离开目录“/home/zhb15/Desktop/note/cxx/test/build/CMakeFiles/CMakeTmp”



Parsed C OpenMP implicit link information from above output:
  link line regex: [^( *|.*[/\])(ld|CMAKE_LINK_STARTFILE-NOTFOUND|([^/\]+-)?ld|collect2)[^/\]*( |$)]
  ignore line: [Change Dir: /home/zhb15/Desktop/note/cxx/test/build/CMakeFiles/CMakeTmp]
  ignore line: []
  ignore line: [Run Build Command(s):/usr/bin/make -f Makefile cmTC_9be9b/fast && /usr/bin/make  -f CMakeFiles/cmTC_9be9b.dir/build.make CMakeFiles/cmTC_9be9b.dir/build]
  ignore line: [make[1]: 进入目录“/home/zhb15/Desktop/note/cxx/test/build/CMakeFiles/CMakeTmp”]
  ignore line: [Building C object CMakeFiles/cmTC_9be9b.dir/OpenMPTryFlag.c.o]
  ignore line: [/usr/bin/gcc   -fopenmp -Wall -W -O2 -fopenmp -v -fPIE -fdiagnostics-color=always -o CMakeFiles/cmTC_9be9b.dir/OpenMPTryFlag.c.o -c /home/zhb15/Desktop/note/cxx/test/build/CMakeFiles/FindOpenMP/OpenMPTryFlag.c]
  ignore line: [使用内建 specs。]
  ignore line: [COLLECT_GCC=/usr/bin/gcc]
  ignore line: [目标：x86_64-pc-linux-gnu]
  ignore line: [配置为：/build/gcc/src/gcc/configure --enable-languages=ada c c++ d fortran go lto objc obj-c++ --enable-bootstrap --prefix=/usr --libdir=/usr/lib --libexecdir=/usr/lib --mandir=/usr/share/man --infodir=/usr/share/info --with-bugurl=https://bugs.archlinux.org/ --with-build-config=bootstrap-lto --with-linker-hash-style=gnu --with-system-zlib --enable-__cxa_atexit --enable-cet=auto --enable-checking=release --enable-clocale=gnu --enable-default-pie --enable-default-ssp --enable-gnu-indirect-function --enable-gnu-unique-object --enable-libstdcxx-backtrace --enable-link-serialization=1 --enable-linker-build-id --enable-lto --enable-multilib --enable-plugin --enable-shared --enable-threads=posix --disable-libssp --disable-libstdcxx-pch --disable-werror]
  ignore line: [线程模型：posix]
  ignore line: [支持的 LTO 压缩算法：zlib zstd]
  ignore line: [gcc 版本 13.2.1 20230801 (GCC) ]
  ignore line: [COLLECT_GCC_OPTIONS='-fdiagnostics-color=always' '-Wall' '-Wextra' '-O2' '-fopenmp' '-v' '-fPIE' '-o' 'CMakeFiles/cmTC_9be9b.dir/OpenMPTryFlag.c.o' '-c' '-mtune=generic' '-march=x86-64' '-pthread' '-dumpdir' 'CMakeFiles/cmTC_9be9b.dir/']
  ignore line: [ /usr/lib/gcc/x86_64-pc-linux-gnu/13.2.1/cc1 -quiet -v -D_REENTRANT /home/zhb15/Desktop/note/cxx/test/build/CMakeFiles/FindOpenMP/OpenMPTryFlag.c -quiet -dumpdir CMakeFiles/cmTC_9be9b.dir/ -dumpbase OpenMPTryFlag.c.c -dumpbase-ext .c -mtune=generic -march=x86-64 -O2 -Wall -Wextra -version -fdiagnostics-color=always -fopenmp -fPIE -o /tmp/ccXPr1p4.s]
  ignore line: [GNU C17 (GCC) 版本 13.2.1 20230801 (x86_64-pc-linux-gnu)]
  ignore line: [	由 GNU C 版本 13.2.1 20230801 编译，GMP 版本 6.3.0，MPFR 版本 4.2.0-p12，MPC 版本 1.3.1，isl 版本 isl-0.25-GMP]
  ignore line: []
  ignore line: [警告：GMP 头文件版本 6.3.0 与库版本 6.2.1 不同。]
  ignore line: [警告：MPFR 头文件版本 4.2.0-p12 与库版本 4.2.0 不同。]
  ignore line: [GGC 准则：--param ggc-min-expand=100 --param ggc-min-heapsize=131072]
  ignore line: [忽略不存在的目录“/usr/lib/gcc/x86_64-pc-linux-gnu/13.2.1/../../../../x86_64-pc-linux-gnu/include”]
  ignore line: [#include "..." 搜索从这里开始：]
  ignore line: [#include <...> 搜索从这里开始：]
  ignore line: [ /usr/lib/gcc/x86_64-pc-linux-gnu/13.2.1/include]
  ignore line: [ /usr/local/include]
  ignore line: [ /usr/lib/gcc/x86_64-pc-linux-gnu/13.2.1/include-fixed]
  ignore line: [ /usr/include]
  ignore line: [搜索列表结束。]
  ignore line: [Compiler executable checksum: 865c2688a4f1e3f13d6bf2cc8fd98762]
  ignore line: [COLLECT_GCC_OPTIONS='-fdiagnostics-color=always' '-Wall' '-Wextra' '-O2' '-fopenmp' '-v' '-fPIE' '-o' 'CMakeFiles/cmTC_9be9b.dir/OpenMPTryFlag.c.o' '-c' '-mtune=generic' '-march=x86-64' '-pthread' '-dumpdir' 'CMakeFiles/cmTC_9be9b.dir/']
  ignore line: [ as -v --64 -o CMakeFiles/cmTC_9be9b.dir/OpenMPTryFlag.c.o /tmp/ccXPr1p4.s]
  ignore line: [GNU assembler version 2.40 (x86_64-pc-linux-gnu) using BFD version (GNU Binutils) 2.40]
  ignore line: [COMPILER_PATH=/usr/lib/gcc/x86_64-pc-linux-gnu/13.2.1/:/usr/lib/gcc/x86_64-pc-linux-gnu/13.2.1/:/usr/lib/gcc/x86_64-pc-linux-gnu/:/usr/lib/gcc/x86_64-pc-linux-gnu/13.2.1/:/usr/lib/gcc/x86_64-pc-linux-gnu/]
  ignore line: [LIBRARY_PATH=/usr/lib/gcc/x86_64-pc-linux-gnu/13.2.1/:/usr/lib/gcc/x86_64-pc-linux-gnu/13.2.1/../../../../lib/:/lib/../lib/:/usr/lib/../lib/:/usr/lib/gcc/x86_64-pc-linux-gnu/13.2.1/../../../:/lib/:/usr/lib/]
  ignore line: [COLLECT_GCC_OPTIONS='-fdiagnostics-color=always' '-Wall' '-Wextra' '-O2' '-fopenmp' '-v' '-fPIE' '-o' 'CMakeFiles/cmTC_9be9b.dir/OpenMPTryFlag.c.o' '-c' '-mtune=generic' '-march=x86-64' '-pthread' '-dumpdir' 'CMakeFiles/cmTC_9be9b.dir/OpenMPTryFlag.c.']
  ignore line: [Linking C executable cmTC_9be9b]
  ignore line: [/home/zhb15/newDisk/SoftWare/clion-2022.3.3/bin/cmake/linux/x64/bin/cmake -E cmake_link_script CMakeFiles/cmTC_9be9b.dir/link.txt --verbose=1]
  ignore line: [/usr/bin/gcc  -fopenmp -Wall -W -O2 -fopenmp -v CMakeFiles/cmTC_9be9b.dir/OpenMPTryFlag.c.o -o cmTC_9be9b  -v ]
  ignore line: [使用内建 specs。]
  ignore line: [COLLECT_GCC=/usr/bin/gcc]
  ignore line: [COLLECT_LTO_WRAPPER=/usr/lib/gcc/x86_64-pc-linux-gnu/13.2.1/lto-wrapper]
  ignore line: [目标：x86_64-pc-linux-gnu]
  ignore line: [配置为：/build/gcc/src/gcc/configure --enable-languages=ada c c++ d fortran go lto objc obj-c++ --enable-bootstrap --prefix=/usr --libdir=/usr/lib --libexecdir=/usr/lib --mandir=/usr/share/man --infodir=/usr/share/info --with-bugurl=https://bugs.archlinux.org/ --with-build-config=bootstrap-lto --with-linker-hash-style=gnu --with-system-zlib --enable-__cxa_atexit --enable-cet=auto --enable-checking=release --enable-clocale=gnu --enable-default-pie --enable-default-ssp --enable-gnu-indirect-function --enable-gnu-unique-object --enable-libstdcxx-backtrace --enable-link-serialization=1 --enable-linker-build-id --enable-lto --enable-multilib --enable-plugin --enable-shared --enable-threads=posix --disable-libssp --disable-libstdcxx-pch --disable-werror]
  ignore line: [线程模型：posix]
  ignore line: [支持的 LTO 压缩算法：zlib zstd]
  ignore line: [gcc 版本 13.2.1 20230801 (GCC) ]
  ignore line: [COMPILER_PATH=/usr/lib/gcc/x86_64-pc-linux-gnu/13.2.1/:/usr/lib/gcc/x86_64-pc-linux-gnu/13.2.1/:/usr/lib/gcc/x86_64-pc-linux-gnu/:/usr/lib/gcc/x86_64-pc-linux-gnu/13.2.1/:/usr/lib/gcc/x86_64-pc-linux-gnu/]
  ignore line: [LIBRARY_PATH=/usr/lib/gcc/x86_64-pc-linux-gnu/13.2.1/:/usr/lib/gcc/x86_64-pc-linux-gnu/13.2.1/../../../../lib/:/lib/../lib/:/usr/lib/../lib/:/usr/lib/gcc/x86_64-pc-linux-gnu/13.2.1/../../../:/lib/:/usr/lib/]
  ignore line: [从 /usr/lib/gcc/x86_64-pc-linux-gnu/13.2.1/../../../../lib/libgomp.spec 读取 specs]
  ignore line: [COLLECT_GCC_OPTIONS='-Wall' '-Wextra' '-O2' '-fopenmp' '-v' '-o' 'cmTC_9be9b' '-v' '-mtune=generic' '-march=x86-64' '-pthread' '-dumpdir' 'cmTC_9be9b.']
  link line: [ /usr/lib/gcc/x86_64-pc-linux-gnu/13.2.1/collect2 -plugin /usr/lib/gcc/x86_64-pc-linux-gnu/13.2.1/liblto_plugin.so -plugin-opt=/usr/lib/gcc/x86_64-pc-linux-gnu/13.2.1/lto-wrapper -plugin-opt=-fresolution=/tmp/cc5gJkoC.res -plugin-opt=-pass-through=-lgcc -plugin-opt=-pass-through=-lgcc_s -plugin-opt=-pass-through=-lpthread -plugin-opt=-pass-through=-lc -plugin-opt=-pass-through=-lgcc -plugin-opt=-pass-through=-lgcc_s --build-id --eh-frame-hdr --hash-style=gnu -m elf_x86_64 -dynamic-linker /lib64/ld-linux-x86-64.so.2 -pie -o cmTC_9be9b /usr/lib/gcc/x86_64-pc-linux-gnu/13.2.1/../../../../lib/Scrt1.o /usr/lib/gcc/x86_64-pc-linux-gnu/13.2.1/../../../../lib/crti.o /usr/lib/gcc/x86_64-pc-linux-gnu/13.2.1/crtbeginS.o -L/usr/lib/gcc/x86_64-pc-linux-gnu/13.2.1 -L/usr/lib/gcc/x86_64-pc-linux-gnu/13.2.1/../../../../lib -L/lib/../lib -L/usr/lib/../lib -L/usr/lib/gcc/x86_64-pc-linux-gnu/13.2.1/../../.. CMakeFiles/cmTC_9be9b.dir/OpenMPTryFlag.c.o -lgomp -lgcc --push-state --as-needed -lgcc_s --pop-state -lpthread -lc -lgcc --push-state --as-needed -lgcc_s --pop-state /usr/lib/gcc/x86_64-pc-linux-gnu/13.2.1/crtendS.o /usr/lib/gcc/x86_64-pc-linux-gnu/13.2.1/../../../../lib/crtn.o]
    arg [/usr/lib/gcc/x86_64-pc-linux-gnu/13.2.1/collect2] ==> ignore
    arg [-plugin] ==> ignore
    arg [/usr/lib/gcc/x86_64-pc-linux-gnu/13.2.1/liblto_plugin.so] ==> ignore
    arg [-plugin-opt=/usr/lib/gcc/x86_64-pc-linux-gnu/13.2.1/lto-wrapper] ==> ignore
    arg [-plugin-opt=-fresolution=/tmp/cc5gJkoC.res] ==> ignore
    arg [-plugin-opt=-pass-through=-lgcc] ==> ignore
    arg [-plugin-opt=-pass-through=-lgcc_s] ==> ignore
    arg [-plugin-opt=-pass-through=-lpthread] ==> ignore
    arg [-plugin-opt=-pass-through=-lc] ==> ignore
    arg [-plugin-opt=-pass-through=-lgcc] ==> ignore
    arg [-plugin-opt=-pass-through=-lgcc_s] ==> ignore
    arg [--build-id] ==> ignore
    arg [--eh-frame-hdr] ==> ignore
    arg [--hash-style=gnu] ==> ignore
    arg [-m] ==> ignore
    arg [elf_x86_64] ==> ignore
    arg [-dynamic-linker] ==> ignore
    arg [/lib64/ld-linux-x86-64.so.2] ==> ignore
    arg [-pie] ==> ignore
    arg [-o] ==> ignore
    arg [cmTC_9be9b] ==> ignore
    arg [-L/usr/lib/gcc/x86_64-pc-linux-gnu/13.2.1] ==> dir [/usr/lib/gcc/x86_64-pc-linux-gnu/13.2.1]
    arg [-L/usr/lib/gcc/x86_64-pc-linux-gnu/13.2.1/../../../../lib] ==> dir [/usr/lib/gcc/x86_64-pc-linux-gnu/13.2.1/../../../../lib]
    arg [-L/lib/../lib] ==> dir [/lib/../lib]
    arg [-L/usr/lib/../lib] ==> dir [/usr/lib/../lib]
    arg [-L/usr/lib/gcc/x86_64-pc-linux-gnu/13.2.1/../../..] ==> dir [/usr/lib/gcc/x86_64-pc-linux-gnu/13.2.1/../../..]
    arg [CMakeFiles/cmTC_9be9b.dir/OpenMPTryFlag.c.o] ==> ignore
    arg [-lgomp] ==> lib [gomp]
    arg [-lgcc] ==> lib [gcc]
    arg [--push-state] ==> ignore
    arg [--as-needed] ==> ignore
    arg [-lgcc_s] ==> lib [gcc_s]
    arg [--pop-state] ==> ignore
    arg [-lpthread] ==> lib [pthread]
    arg [-lc] ==> lib [c]
    arg [-lgcc] ==> lib [gcc]
    arg [--push-state] ==> ignore
    arg [--as-needed] ==> ignore
    arg [-lgcc_s] ==> lib [gcc_s]
    arg [--pop-state] ==> ignore
  collapse library dir [/usr/lib/gcc/x86_64-pc-linux-gnu/13.2.1] ==> [/usr/lib/gcc/x86_64-pc-linux-gnu/13.2.1]
  collapse library dir [/usr/lib/gcc/x86_64-pc-linux-gnu/13.2.1/../../../../lib] ==> [/usr/lib]
  collapse library dir [/lib/../lib] ==> [/lib]
  collapse library dir [/usr/lib/../lib] ==> [/usr/lib]
  collapse library dir [/usr/lib/gcc/x86_64-pc-linux-gnu/13.2.1/../../..] ==> [/usr/lib]
  implicit libs: [gomp;gcc;gcc_s;pthread;c;gcc;gcc_s]
  implicit objs: []
  implicit dirs: [/usr/lib/gcc/x86_64-pc-linux-gnu/13.2.1;/usr/lib;/lib]
  implicit fwks: []


Detecting CXX OpenMP compiler ABI info compiled with the following output:
Change Dir: /home/zhb15/Desktop/note/cxx/test/build/CMakeFiles/CMakeTmp

Run Build Command(s):/usr/bin/make -f Makefile cmTC_93989/fast && /usr/bin/make  -f CMakeFiles/cmTC_93989.dir/build.make CMakeFiles/cmTC_93989.dir/build
make[1]: 进入目录“/home/zhb15/Desktop/note/cxx/test/build/CMakeFiles/CMakeTmp”
Building CXX object CMakeFiles/cmTC_93989.dir/OpenMPTryFlag.cpp.o
/usr/bin/g++   -fopenmp -std=gnu++20 -Werror -W -O2 -ftemplate-depth=4096 -lgomp -lpthread -fopenmp -v -fPIE -fdiagnostics-color=always -std=gnu++20 -o CMakeFiles/cmTC_93989.dir/OpenMPTryFlag.cpp.o -c /home/zhb15/Desktop/note/cxx/test/build/CMakeFiles/FindOpenMP/OpenMPTryFlag.cpp
使用内建 specs。
COLLECT_GCC=/usr/bin/g++
目标：x86_64-pc-linux-gnu
配置为：/build/gcc/src/gcc/configure --enable-languages=ada,c,c++,d,fortran,go,lto,objc,obj-c++ --enable-bootstrap --prefix=/usr --libdir=/usr/lib --libexecdir=/usr/lib --mandir=/usr/share/man --infodir=/usr/share/info --with-bugurl=https://bugs.archlinux.org/ --with-build-config=bootstrap-lto --with-linker-hash-style=gnu --with-system-zlib --enable-__cxa_atexit --enable-cet=auto --enable-checking=release --enable-clocale=gnu --enable-default-pie --enable-default-ssp --enable-gnu-indirect-function --enable-gnu-unique-object --enable-libstdcxx-backtrace --enable-link-serialization=1 --enable-linker-build-id --enable-lto --enable-multilib --enable-plugin --enable-shared --enable-threads=posix --disable-libssp --disable-libstdcxx-pch --disable-werror
线程模型：posix
支持的 LTO 压缩算法：zlib zstd
gcc 版本 13.2.1 20230801 (GCC) 
COLLECT_GCC_OPTIONS='-fdiagnostics-color=always' '-std=gnu++20' '-Werror' '-Wextra' '-O2' '-ftemplate-depth=4096' '-fopenmp' '-v' '-fPIE' '-std=gnu++20' '-o' 'CMakeFiles/cmTC_93989.dir/OpenMPTryFlag.cpp.o' '-c' '-shared-libgcc' '-mtune=generic' '-march=x86-64' '-pthread' '-dumpdir' 'CMakeFiles/cmTC_93989.dir/'
 /usr/lib/gcc/x86_64-pc-linux-gnu/13.2.1/cc1plus -quiet -v -D_GNU_SOURCE -D_REENTRANT /home/zhb15/Desktop/note/cxx/test/build/CMakeFiles/FindOpenMP/OpenMPTryFlag.cpp -quiet -dumpdir CMakeFiles/cmTC_93989.dir/ -dumpbase OpenMPTryFlag.cpp.cpp -dumpbase-ext .cpp -mtune=generic -march=x86-64 -O2 -Werror -Wextra -std=gnu++20 -std=gnu++20 -version -fdiagnostics-color=always -ftemplate-depth=4096 -fopenmp -fPIE -o /tmp/ccvI2AKe.s
GNU C++20 (GCC) 版本 13.2.1 20230801 (x86_64-pc-linux-gnu)
	由 GNU C 版本 13.2.1 20230801 编译，GMP 版本 6.3.0，MPFR 版本 4.2.0-p12，MPC 版本 1.3.1，isl 版本 isl-0.25-GMP

警告：GMP 头文件版本 6.3.0 与库版本 6.2.1 不同。
警告：MPFR 头文件版本 4.2.0-p12 与库版本 4.2.0 不同。
GGC 准则：--param ggc-min-expand=100 --param ggc-min-heapsize=131072
忽略不存在的目录“/usr/lib/gcc/x86_64-pc-linux-gnu/13.2.1/../../../../x86_64-pc-linux-gnu/include”
#include "..." 搜索从这里开始：
#include <...> 搜索从这里开始：
 /usr/lib/gcc/x86_64-pc-linux-gnu/13.2.1/../../../../include/c++/13.2.1
 /usr/lib/gcc/x86_64-pc-linux-gnu/13.2.1/../../../../include/c++/13.2.1/x86_64-pc-linux-gnu
 /usr/lib/gcc/x86_64-pc-linux-gnu/13.2.1/../../../../include/c++/13.2.1/backward
 /usr/lib/gcc/x86_64-pc-linux-gnu/13.2.1/include
 /usr/local/include
 /usr/lib/gcc/x86_64-pc-linux-gnu/13.2.1/include-fixed
 /usr/include
搜索列表结束。
Compiler executable checksum: 5a490a353c29b926850bca65a518c219
COLLECT_GCC_OPTIONS='-fdiagnostics-color=always' '-std=gnu++20' '-Werror' '-Wextra' '-O2' '-ftemplate-depth=4096' '-fopenmp' '-v' '-fPIE' '-std=gnu++20' '-o' 'CMakeFiles/cmTC_93989.dir/OpenMPTryFlag.cpp.o' '-c' '-shared-libgcc' '-mtune=generic' '-march=x86-64' '-pthread' '-dumpdir' 'CMakeFiles/cmTC_93989.dir/'
 as -v --64 -o CMakeFiles/cmTC_93989.dir/OpenMPTryFlag.cpp.o /tmp/ccvI2AKe.s
GNU assembler version 2.40 (x86_64-pc-linux-gnu) using BFD version (GNU Binutils) 2.40
COMPILER_PATH=/usr/lib/gcc/x86_64-pc-linux-gnu/13.2.1/:/usr/lib/gcc/x86_64-pc-linux-gnu/13.2.1/:/usr/lib/gcc/x86_64-pc-linux-gnu/:/usr/lib/gcc/x86_64-pc-linux-gnu/13.2.1/:/usr/lib/gcc/x86_64-pc-linux-gnu/
LIBRARY_PATH=/usr/lib/gcc/x86_64-pc-linux-gnu/13.2.1/:/usr/lib/gcc/x86_64-pc-linux-gnu/13.2.1/../../../../lib/:/lib/../lib/:/usr/lib/../lib/:/usr/lib/gcc/x86_64-pc-linux-gnu/13.2.1/../../../:/lib/:/usr/lib/
COLLECT_GCC_OPTIONS='-fdiagnostics-color=always' '-std=gnu++20' '-Werror' '-Wextra' '-O2' '-ftemplate-depth=4096' '-fopenmp' '-v' '-fPIE' '-std=gnu++20' '-o' 'CMakeFiles/cmTC_93989.dir/OpenMPTryFlag.cpp.o' '-c' '-shared-libgcc' '-mtune=generic' '-march=x86-64' '-pthread' '-dumpdir' 'CMakeFiles/cmTC_93989.dir/OpenMPTryFlag.cpp.'
Linking CXX executable cmTC_93989
/home/zhb15/newDisk/SoftWare/clion-2022.3.3/bin/cmake/linux/x64/bin/cmake -E cmake_link_script CMakeFiles/cmTC_93989.dir/link.txt --verbose=1
/usr/bin/g++   -fopenmp -std=gnu++20 -Werror -W -O2 -ftemplate-depth=4096 -lgomp -lpthread -fopenmp -v CMakeFiles/cmTC_93989.dir/OpenMPTryFlag.cpp.o -o cmTC_93989  -v 
使用内建 specs。
COLLECT_GCC=/usr/bin/g++
COLLECT_LTO_WRAPPER=/usr/lib/gcc/x86_64-pc-linux-gnu/13.2.1/lto-wrapper
目标：x86_64-pc-linux-gnu
配置为：/build/gcc/src/gcc/configure --enable-languages=ada,c,c++,d,fortran,go,lto,objc,obj-c++ --enable-bootstrap --prefix=/usr --libdir=/usr/lib --libexecdir=/usr/lib --mandir=/usr/share/man --infodir=/usr/share/info --with-bugurl=https://bugs.archlinux.org/ --with-build-config=bootstrap-lto --with-linker-hash-style=gnu --with-system-zlib --enable-__cxa_atexit --enable-cet=auto --enable-checking=release --enable-clocale=gnu --enable-default-pie --enable-default-ssp --enable-gnu-indirect-function --enable-gnu-unique-object --enable-libstdcxx-backtrace --enable-link-serialization=1 --enable-linker-build-id --enable-lto --enable-multilib --enable-plugin --enable-shared --enable-threads=posix --disable-libssp --disable-libstdcxx-pch --disable-werror
线程模型：posix
支持的 LTO 压缩算法：zlib zstd
gcc 版本 13.2.1 20230801 (GCC) 
COMPILER_PATH=/usr/lib/gcc/x86_64-pc-linux-gnu/13.2.1/:/usr/lib/gcc/x86_64-pc-linux-gnu/13.2.1/:/usr/lib/gcc/x86_64-pc-linux-gnu/:/usr/lib/gcc/x86_64-pc-linux-gnu/13.2.1/:/usr/lib/gcc/x86_64-pc-linux-gnu/
LIBRARY_PATH=/usr/lib/gcc/x86_64-pc-linux-gnu/13.2.1/:/usr/lib/gcc/x86_64-pc-linux-gnu/13.2.1/../../../../lib/:/lib/../lib/:/usr/lib/../lib/:/usr/lib/gcc/x86_64-pc-linux-gnu/13.2.1/../../../:/lib/:/usr/lib/
从 /usr/lib/gcc/x86_64-pc-linux-gnu/13.2.1/../../../../lib/libgomp.spec 读取 specs
COLLECT_GCC_OPTIONS='-std=gnu++20' '-Werror' '-Wextra' '-O2' '-ftemplate-depth=4096' '-fopenmp' '-v' '-o' 'cmTC_93989' '-v' '-shared-libgcc' '-mtune=generic' '-march=x86-64' '-pthread' '-dumpdir' 'cmTC_93989.'
 /usr/lib/gcc/x86_64-pc-linux-gnu/13.2.1/collect2 -plugin /usr/lib/gcc/x86_64-pc-linux-gnu/13.2.1/liblto_plugin.so -plugin-opt=/usr/lib/gcc/x86_64-pc-linux-gnu/13.2.1/lto-wrapper -plugin-opt=-fresolution=/tmp/ccUxB3nm.res -plugin-opt=-pass-through=-lgcc_s -plugin-opt=-pass-through=-lgcc -plugin-opt=-pass-through=-lpthread -plugin-opt=-pass-through=-lc -plugin-opt=-pass-through=-lgcc_s -plugin-opt=-pass-through=-lgcc --build-id --eh-frame-hdr --hash-style=gnu -m elf_x86_64 -dynamic-linker /lib64/ld-linux-x86-64.so.2 -pie -o cmTC_93989 /usr/lib/gcc/x86_64-pc-linux-gnu/13.2.1/../../../../lib/Scrt1.o /usr/lib/gcc/x86_64-pc-linux-gnu/13.2.1/../../../../lib/crti.o /usr/lib/gcc/x86_64-pc-linux-gnu/13.2.1/crtbeginS.o -L/usr/lib/gcc/x86_64-pc-linux-gnu/13.2.1 -L/usr/lib/gcc/x86_64-pc-linux-gnu/13.2.1/../../../../lib -L/lib/../lib -L/usr/lib/../lib -L/usr/lib/gcc/x86_64-pc-linux-gnu/13.2.1/../../.. -lgomp -lpthread CMakeFiles/cmTC_93989.dir/OpenMPTryFlag.cpp.o -lstdc++ -lm -lgomp -lgcc_s -lgcc -lpthread -lc -lgcc_s -lgcc /usr/lib/gcc/x86_64-pc-linux-gnu/13.2.1/crtendS.o /usr/lib/gcc/x86_64-pc-linux-gnu/13.2.1/../../../../lib/crtn.o
COLLECT_GCC_OPTIONS='-std=gnu++20' '-Werror' '-Wextra' '-O2' '-ftemplate-depth=4096' '-fopenmp' '-v' '-o' 'cmTC_93989' '-v' '-shared-libgcc' '-mtune=generic' '-march=x86-64' '-pthread' '-dumpdir' 'cmTC_93989.'
make[1]: 离开目录“/home/zhb15/Desktop/note/cxx/test/build/CMakeFiles/CMakeTmp”



Parsed CXX OpenMP implicit link information from above output:
  link line regex: [^( *|.*[/\])(ld|CMAKE_LINK_STARTFILE-NOTFOUND|([^/\]+-)?ld|collect2)[^/\]*( |$)]
  ignore line: [Change Dir: /home/zhb15/Desktop/note/cxx/test/build/CMakeFiles/CMakeTmp]
  ignore line: []
  ignore line: [Run Build Command(s):/usr/bin/make -f Makefile cmTC_93989/fast && /usr/bin/make  -f CMakeFiles/cmTC_93989.dir/build.make CMakeFiles/cmTC_93989.dir/build]
  ignore line: [make[1]: 进入目录“/home/zhb15/Desktop/note/cxx/test/build/CMakeFiles/CMakeTmp”]
  ignore line: [Building CXX object CMakeFiles/cmTC_93989.dir/OpenMPTryFlag.cpp.o]
  ignore line: [/usr/bin/g++   -fopenmp -std=gnu++20 -Werror -W -O2 -ftemplate-depth=4096 -lgomp -lpthread -fopenmp -v -fPIE -fdiagnostics-color=always -std=gnu++20 -o CMakeFiles/cmTC_93989.dir/OpenMPTryFlag.cpp.o -c /home/zhb15/Desktop/note/cxx/test/build/CMakeFiles/FindOpenMP/OpenMPTryFlag.cpp]
  ignore line: [使用内建 specs。]
  ignore line: [COLLECT_GCC=/usr/bin/g++]
  ignore line: [目标：x86_64-pc-linux-gnu]
  ignore line: [配置为：/build/gcc/src/gcc/configure --enable-languages=ada c c++ d fortran go lto objc obj-c++ --enable-bootstrap --prefix=/usr --libdir=/usr/lib --libexecdir=/usr/lib --mandir=/usr/share/man --infodir=/usr/share/info --with-bugurl=https://bugs.archlinux.org/ --with-build-config=bootstrap-lto --with-linker-hash-style=gnu --with-system-zlib --enable-__cxa_atexit --enable-cet=auto --enable-checking=release --enable-clocale=gnu --enable-default-pie --enable-default-ssp --enable-gnu-indirect-function --enable-gnu-unique-object --enable-libstdcxx-backtrace --enable-link-serialization=1 --enable-linker-build-id --enable-lto --enable-multilib --enable-plugin --enable-shared --enable-threads=posix --disable-libssp --disable-libstdcxx-pch --disable-werror]
  ignore line: [线程模型：posix]
  ignore line: [支持的 LTO 压缩算法：zlib zstd]
  ignore line: [gcc 版本 13.2.1 20230801 (GCC) ]
  ignore line: [COLLECT_GCC_OPTIONS='-fdiagnostics-color=always' '-std=gnu++20' '-Werror' '-Wextra' '-O2' '-ftemplate-depth=4096' '-fopenmp' '-v' '-fPIE' '-std=gnu++20' '-o' 'CMakeFiles/cmTC_93989.dir/OpenMPTryFlag.cpp.o' '-c' '-shared-libgcc' '-mtune=generic' '-march=x86-64' '-pthread' '-dumpdir' 'CMakeFiles/cmTC_93989.dir/']
  ignore line: [ /usr/lib/gcc/x86_64-pc-linux-gnu/13.2.1/cc1plus -quiet -v -D_GNU_SOURCE -D_REENTRANT /home/zhb15/Desktop/note/cxx/test/build/CMakeFiles/FindOpenMP/OpenMPTryFlag.cpp -quiet -dumpdir CMakeFiles/cmTC_93989.dir/ -dumpbase OpenMPTryFlag.cpp.cpp -dumpbase-ext .cpp -mtune=generic -march=x86-64 -O2 -Werror -Wextra -std=gnu++20 -std=gnu++20 -version -fdiagnostics-color=always -ftemplate-depth=4096 -fopenmp -fPIE -o /tmp/ccvI2AKe.s]
  ignore line: [GNU C++20 (GCC) 版本 13.2.1 20230801 (x86_64-pc-linux-gnu)]
  ignore line: [	由 GNU C 版本 13.2.1 20230801 编译，GMP 版本 6.3.0，MPFR 版本 4.2.0-p12，MPC 版本 1.3.1，isl 版本 isl-0.25-GMP]
  ignore line: []
  ignore line: [警告：GMP 头文件版本 6.3.0 与库版本 6.2.1 不同。]
  ignore line: [警告：MPFR 头文件版本 4.2.0-p12 与库版本 4.2.0 不同。]
  ignore line: [GGC 准则：--param ggc-min-expand=100 --param ggc-min-heapsize=131072]
  ignore line: [忽略不存在的目录“/usr/lib/gcc/x86_64-pc-linux-gnu/13.2.1/../../../../x86_64-pc-linux-gnu/include”]
  ignore line: [#include "..." 搜索从这里开始：]
  ignore line: [#include <...> 搜索从这里开始：]
  ignore line: [ /usr/lib/gcc/x86_64-pc-linux-gnu/13.2.1/../../../../include/c++/13.2.1]
  ignore line: [ /usr/lib/gcc/x86_64-pc-linux-gnu/13.2.1/../../../../include/c++/13.2.1/x86_64-pc-linux-gnu]
  ignore line: [ /usr/lib/gcc/x86_64-pc-linux-gnu/13.2.1/../../../../include/c++/13.2.1/backward]
  ignore line: [ /usr/lib/gcc/x86_64-pc-linux-gnu/13.2.1/include]
  ignore line: [ /usr/local/include]
  ignore line: [ /usr/lib/gcc/x86_64-pc-linux-gnu/13.2.1/include-fixed]
  ignore line: [ /usr/include]
  ignore line: [搜索列表结束。]
  ignore line: [Compiler executable checksum: 5a490a353c29b926850bca65a518c219]
  ignore line: [COLLECT_GCC_OPTIONS='-fdiagnostics-color=always' '-std=gnu++20' '-Werror' '-Wextra' '-O2' '-ftemplate-depth=4096' '-fopenmp' '-v' '-fPIE' '-std=gnu++20' '-o' 'CMakeFiles/cmTC_93989.dir/OpenMPTryFlag.cpp.o' '-c' '-shared-libgcc' '-mtune=generic' '-march=x86-64' '-pthread' '-dumpdir' 'CMakeFiles/cmTC_93989.dir/']
  ignore line: [ as -v --64 -o CMakeFiles/cmTC_93989.dir/OpenMPTryFlag.cpp.o /tmp/ccvI2AKe.s]
  ignore line: [GNU assembler version 2.40 (x86_64-pc-linux-gnu) using BFD version (GNU Binutils) 2.40]
  ignore line: [COMPILER_PATH=/usr/lib/gcc/x86_64-pc-linux-gnu/13.2.1/:/usr/lib/gcc/x86_64-pc-linux-gnu/13.2.1/:/usr/lib/gcc/x86_64-pc-linux-gnu/:/usr/lib/gcc/x86_64-pc-linux-gnu/13.2.1/:/usr/lib/gcc/x86_64-pc-linux-gnu/]
  ignore line: [LIBRARY_PATH=/usr/lib/gcc/x86_64-pc-linux-gnu/13.2.1/:/usr/lib/gcc/x86_64-pc-linux-gnu/13.2.1/../../../../lib/:/lib/../lib/:/usr/lib/../lib/:/usr/lib/gcc/x86_64-pc-linux-gnu/13.2.1/../../../:/lib/:/usr/lib/]
  ignore line: [COLLECT_GCC_OPTIONS='-fdiagnostics-color=always' '-std=gnu++20' '-Werror' '-Wextra' '-O2' '-ftemplate-depth=4096' '-fopenmp' '-v' '-fPIE' '-std=gnu++20' '-o' 'CMakeFiles/cmTC_93989.dir/OpenMPTryFlag.cpp.o' '-c' '-shared-libgcc' '-mtune=generic' '-march=x86-64' '-pthread' '-dumpdir' 'CMakeFiles/cmTC_93989.dir/OpenMPTryFlag.cpp.']
  ignore line: [Linking CXX executable cmTC_93989]
  ignore line: [/home/zhb15/newDisk/SoftWare/clion-2022.3.3/bin/cmake/linux/x64/bin/cmake -E cmake_link_script CMakeFiles/cmTC_93989.dir/link.txt --verbose=1]
  ignore line: [/usr/bin/g++   -fopenmp -std=gnu++20 -Werror -W -O2 -ftemplate-depth=4096 -lgomp -lpthread -fopenmp -v CMakeFiles/cmTC_93989.dir/OpenMPTryFlag.cpp.o -o cmTC_93989  -v ]
  ignore line: [使用内建 specs。]
  ignore line: [COLLECT_GCC=/usr/bin/g++]
  ignore line: [COLLECT_LTO_WRAPPER=/usr/lib/gcc/x86_64-pc-linux-gnu/13.2.1/lto-wrapper]
  ignore line: [目标：x86_64-pc-linux-gnu]
  ignore line: [配置为：/build/gcc/src/gcc/configure --enable-languages=ada c c++ d fortran go lto objc obj-c++ --enable-bootstrap --prefix=/usr --libdir=/usr/lib --libexecdir=/usr/lib --mandir=/usr/share/man --infodir=/usr/share/info --with-bugurl=https://bugs.archlinux.org/ --with-build-config=bootstrap-lto --with-linker-hash-style=gnu --with-system-zlib --enable-__cxa_atexit --enable-cet=auto --enable-checking=release --enable-clocale=gnu --enable-default-pie --enable-default-ssp --enable-gnu-indirect-function --enable-gnu-unique-object --enable-libstdcxx-backtrace --enable-link-serialization=1 --enable-linker-build-id --enable-lto --enable-multilib --enable-plugin --enable-shared --enable-threads=posix --disable-libssp --disable-libstdcxx-pch --disable-werror]
  ignore line: [线程模型：posix]
  ignore line: [支持的 LTO 压缩算法：zlib zstd]
  ignore line: [gcc 版本 13.2.1 20230801 (GCC) ]
  ignore line: [COMPILER_PATH=/usr/lib/gcc/x86_64-pc-linux-gnu/13.2.1/:/usr/lib/gcc/x86_64-pc-linux-gnu/13.2.1/:/usr/lib/gcc/x86_64-pc-linux-gnu/:/usr/lib/gcc/x86_64-pc-linux-gnu/13.2.1/:/usr/lib/gcc/x86_64-pc-linux-gnu/]
  ignore line: [LIBRARY_PATH=/usr/lib/gcc/x86_64-pc-linux-gnu/13.2.1/:/usr/lib/gcc/x86_64-pc-linux-gnu/13.2.1/../../../../lib/:/lib/../lib/:/usr/lib/../lib/:/usr/lib/gcc/x86_64-pc-linux-gnu/13.2.1/../../../:/lib/:/usr/lib/]
  ignore line: [从 /usr/lib/gcc/x86_64-pc-linux-gnu/13.2.1/../../../../lib/libgomp.spec 读取 specs]
  ignore line: [COLLECT_GCC_OPTIONS='-std=gnu++20' '-Werror' '-Wextra' '-O2' '-ftemplate-depth=4096' '-fopenmp' '-v' '-o' 'cmTC_93989' '-v' '-shared-libgcc' '-mtune=generic' '-march=x86-64' '-pthread' '-dumpdir' 'cmTC_93989.']
  link line: [ /usr/lib/gcc/x86_64-pc-linux-gnu/13.2.1/collect2 -plugin /usr/lib/gcc/x86_64-pc-linux-gnu/13.2.1/liblto_plugin.so -plugin-opt=/usr/lib/gcc/x86_64-pc-linux-gnu/13.2.1/lto-wrapper -plugin-opt=-fresolution=/tmp/ccUxB3nm.res -plugin-opt=-pass-through=-lgcc_s -plugin-opt=-pass-through=-lgcc -plugin-opt=-pass-through=-lpthread -plugin-opt=-pass-through=-lc -plugin-opt=-pass-through=-lgcc_s -plugin-opt=-pass-through=-lgcc --build-id --eh-frame-hdr --hash-style=gnu -m elf_x86_64 -dynamic-linker /lib64/ld-linux-x86-64.so.2 -pie -o cmTC_93989 /usr/lib/gcc/x86_64-pc-linux-gnu/13.2.1/../../../../lib/Scrt1.o /usr/lib/gcc/x86_64-pc-linux-gnu/13.2.1/../../../../lib/crti.o /usr/lib/gcc/x86_64-pc-linux-gnu/13.2.1/crtbeginS.o -L/usr/lib/gcc/x86_64-pc-linux-gnu/13.2.1 -L/usr/lib/gcc/x86_64-pc-linux-gnu/13.2.1/../../../../lib -L/lib/../lib -L/usr/lib/../lib -L/usr/lib/gcc/x86_64-pc-linux-gnu/13.2.1/../../.. -lgomp -lpthread CMakeFiles/cmTC_93989.dir/OpenMPTryFlag.cpp.o -lstdc++ -lm -lgomp -lgcc_s -lgcc -lpthread -lc -lgcc_s -lgcc /usr/lib/gcc/x86_64-pc-linux-gnu/13.2.1/crtendS.o /usr/lib/gcc/x86_64-pc-linux-gnu/13.2.1/../../../../lib/crtn.o]
    arg [/usr/lib/gcc/x86_64-pc-linux-gnu/13.2.1/collect2] ==> ignore
    arg [-plugin] ==> ignore
    arg [/usr/lib/gcc/x86_64-pc-linux-gnu/13.2.1/liblto_plugin.so] ==> ignore
    arg [-plugin-opt=/usr/lib/gcc/x86_64-pc-linux-gnu/13.2.1/lto-wrapper] ==> ignore
    arg [-plugin-opt=-fresolution=/tmp/ccUxB3nm.res] ==> ignore
    arg [-plugin-opt=-pass-through=-lgcc_s] ==> ignore
    arg [-plugin-opt=-pass-through=-lgcc] ==> ignore
    arg [-plugin-opt=-pass-through=-lpthread] ==> ignore
    arg [-plugin-opt=-pass-through=-lc] ==> ignore
    arg [-plugin-opt=-pass-through=-lgcc_s] ==> ignore
    arg [-plugin-opt=-pass-through=-lgcc] ==> ignore
    arg [--build-id] ==> ignore
    arg [--eh-frame-hdr] ==> ignore
    arg [--hash-style=gnu] ==> ignore
    arg [-m] ==> ignore
    arg [elf_x86_64] ==> ignore
    arg [-dynamic-linker] ==> ignore
    arg [/lib64/ld-linux-x86-64.so.2] ==> ignore
    arg [-pie] ==> ignore
    arg [-o] ==> ignore
    arg [cmTC_93989] ==> ignore
    arg [-L/usr/lib/gcc/x86_64-pc-linux-gnu/13.2.1] ==> dir [/usr/lib/gcc/x86_64-pc-linux-gnu/13.2.1]
    arg [-L/usr/lib/gcc/x86_64-pc-linux-gnu/13.2.1/../../../../lib] ==> dir [/usr/lib/gcc/x86_64-pc-linux-gnu/13.2.1/../../../../lib]
    arg [-L/lib/../lib] ==> dir [/lib/../lib]
    arg [-L/usr/lib/../lib] ==> dir [/usr/lib/../lib]
    arg [-L/usr/lib/gcc/x86_64-pc-linux-gnu/13.2.1/../../..] ==> dir [/usr/lib/gcc/x86_64-pc-linux-gnu/13.2.1/../../..]
    arg [-lgomp] ==> lib [gomp]
    arg [-lpthread] ==> lib [pthread]
    arg [CMakeFiles/cmTC_93989.dir/OpenMPTryFlag.cpp.o] ==> ignore
    arg [-lstdc++] ==> lib [stdc++]
    arg [-lm] ==> lib [m]
    arg [-lgomp] ==> lib [gomp]
    arg [-lgcc_s] ==> lib [gcc_s]
    arg [-lgcc] ==> lib [gcc]
    arg [-lpthread] ==> lib [pthread]
    arg [-lc] ==> lib [c]
    arg [-lgcc_s] ==> lib [gcc_s]
    arg [-lgcc] ==> lib [gcc]
  collapse library dir [/usr/lib/gcc/x86_64-pc-linux-gnu/13.2.1] ==> [/usr/lib/gcc/x86_64-pc-linux-gnu/13.2.1]
  collapse library dir [/usr/lib/gcc/x86_64-pc-linux-gnu/13.2.1/../../../../lib] ==> [/usr/lib]
  collapse library dir [/lib/../lib] ==> [/lib]
  collapse library dir [/usr/lib/../lib] ==> [/usr/lib]
  collapse library dir [/usr/lib/gcc/x86_64-pc-linux-gnu/13.2.1/../../..] ==> [/usr/lib]
  implicit libs: [gomp;pthread;stdc++;m;gomp;gcc_s;gcc;pthread;c;gcc_s;gcc]
  implicit objs: []
  implicit dirs: [/usr/lib/gcc/x86_64-pc-linux-gnu/13.2.1;/usr/lib;/lib]
  implicit fwks: []


